#
# There is insufficient memory for the Java Runtime Environment to continue.
# Native memory allocation (mmap) failed to map 65536 bytes for Failed to commit metaspace.
# Possible reasons:
#   The system is out of physical RAM or swap space
#   The process is running with CompressedOops enabled, and the Java Heap may be blocking the growth of the native heap
# Possible solutions:
#   Reduce memory load on the system
#   Increase physical memory or swap space
#   Check if swap backing store is full
#   Decrease Java heap size (-Xmx/-Xms)
#   Decrease number of Java threads
#   Decrease Java thread stack sizes (-Xss)
#   Set larger code cache with -XX:ReservedCodeCacheSize=
#   JVM is running with Unscaled Compressed Oops mode in which the Java heap is
#     placed in the first 4GB address space. The Java Heap base address is the
#     maximum limit for the native heap growth. Please use -XX:HeapBaseMinAddress
#     to set the Java Heap base and to place the Java Heap above 4GB virtual address.
# This output file may be truncated or incomplete.
#
#  Out of Memory Error (virtualSpaceNode.cpp:110), pid=15708, tid=6252
#
# JRE version: Java(TM) SE Runtime Environment (17.0.11+7) (build 17.0.11+7-LTS-207)
# Java VM: Java HotSpot(TM) 64-Bit Server VM (17.0.11+7-LTS-207, mixed mode, sharing, tiered, compressed oops, compressed class ptrs, g1 gc, windows-amd64)
# No core dump will be written. Minidumps are not enabled by default on client versions of Windows
#

---------------  S U M M A R Y ------------

Command Line: -Dfile.encoding=utf8 c:\Users\mehul\.vscode\extensions\vscjava.vscode-gradle-3.14.1\lib\gradle-language-server.jar

Host: AMD Ryzen 5 5600H with Radeon Graphics         , 12 cores, 7G,  Windows 11 , 64 bit Build 22621 (10.0.22621.3672)
Time: Sun Jun 30 18:10:22 2024 India Standard Time elapsed time: 2.917632 seconds (0d 0h 0m 2s)

---------------  T H R E A D  ---------------

Current thread (0x0000018abd0f2e90):  JavaThread "main" [_thread_in_vm, id=6252, stack(0x0000004a9d200000,0x0000004a9d300000)]

Stack: [0x0000004a9d200000,0x0000004a9d300000]
Native frames: (J=compiled Java code, j=interpreted, Vv=VM code, C=native code)
V  [jvm.dll+0x679cca]
V  [jvm.dll+0x7da13d]
V  [jvm.dll+0x7dba83]
V  [jvm.dll+0x7dc0f3]
V  [jvm.dll+0x2449af]
V  [jvm.dll+0x7d5d0b]
V  [jvm.dll+0x6200b6]
V  [jvm.dll+0x1be687]
V  [jvm.dll+0x622a12]
V  [jvm.dll+0x620a76]
V  [jvm.dll+0x1e638b]
V  [jvm.dll+0x1e8be7]
V  [jvm.dll+0x1de3c1]
V  [jvm.dll+0x53f19c]
V  [jvm.dll+0x754fc8]
V  [jvm.dll+0x7550b4]
V  [jvm.dll+0x40cb9f]
V  [jvm.dll+0x413629]
C  [java.dll+0x17ec]

Java frames: (J=compiled Java code, j=interpreted, Vv=VM code)
j  java.lang.ClassLoader.defineClass1(Ljava/lang/ClassLoader;Ljava/lang/String;[BIILjava/security/ProtectionDomain;Ljava/lang/String;)Ljava/lang/Class;+0 java.base@17.0.11
j  java.lang.ClassLoader.defineClass(Ljava/lang/String;[BIILjava/security/ProtectionDomain;)Ljava/lang/Class;+27 java.base@17.0.11
j  java.security.SecureClassLoader.defineClass(Ljava/lang/String;[BIILjava/security/CodeSource;)Ljava/lang/Class;+12 java.base@17.0.11
j  jdk.internal.loader.BuiltinClassLoader.defineClass(Ljava/lang/String;Ljdk/internal/loader/Resource;)Ljava/lang/Class;+117 java.base@17.0.11
J 857 c1 jdk.internal.loader.BuiltinClassLoader.findClassOnClassPathOrNull(Ljava/lang/String;)Ljava/lang/Class; java.base@17.0.11 (64 bytes) @ 0x0000018ac4b33d5c [0x0000018ac4b32ce0+0x000000000000107c]
J 696 c1 jdk.internal.loader.BuiltinClassLoader.loadClassOrNull(Ljava/lang/String;Z)Ljava/lang/Class; java.base@17.0.11 (143 bytes) @ 0x0000018ac4ad384c [0x0000018ac4ad2940+0x0000000000000f0c]
J 739 c1 jdk.internal.loader.ClassLoaders$AppClassLoader.loadClass(Ljava/lang/String;Z)Ljava/lang/Class; java.base@17.0.11 (40 bytes) @ 0x0000018ac4ae8984 [0x0000018ac4ae8360+0x0000000000000624]
J 738 c1 java.lang.ClassLoader.loadClass(Ljava/lang/String;)Ljava/lang/Class; java.base@17.0.11 (7 bytes) @ 0x0000018ac4ae7fcc [0x0000018ac4ae7ec0+0x000000000000010c]
v  ~StubRoutines::call_stub
J 951  java.lang.Class.forName0(Ljava/lang/String;ZLjava/lang/ClassLoader;Ljava/lang/Class;)Ljava/lang/Class; java.base@17.0.11 (0 bytes) @ 0x0000018acc50032f [0x0000018acc5002a0+0x000000000000008f]
J 959 c1 java.lang.Class.forName(Ljava/lang/String;ZLjava/lang/ClassLoader;)Ljava/lang/Class; java.base@17.0.11 (47 bytes) @ 0x0000018ac4b67514 [0x0000018ac4b67180+0x0000000000000394]
j  sun.reflect.generics.factory.CoreReflectionFactory.makeNamedType(Ljava/lang/String;)Ljava/lang/reflect/Type;+6 java.base@17.0.11
j  sun.reflect.generics.visitor.Reifier.visitClassTypeSignature(Lsun/reflect/generics/tree/ClassTypeSignature;)V+173 java.base@17.0.11
J 972 c1 sun.reflect.generics.tree.ClassTypeSignature.accept(Lsun/reflect/generics/visitor/TypeTreeVisitor;)V java.base@17.0.11 (8 bytes) @ 0x0000018ac4b6a604 [0x0000018ac4b6a540+0x00000000000000c4]
j  sun.reflect.annotation.AnnotationParser.parseSig(Ljava/lang/String;Ljava/lang/Class;)Ljava/lang/Class;+44 java.base@17.0.11
j  sun.reflect.annotation.AnnotationParser.parseClassValue(Ljava/nio/ByteBuffer;Ljdk/internal/reflect/ConstantPool;Ljava/lang/Class;)Ljava/lang/Object;+18 java.base@17.0.11
j  sun.reflect.annotation.AnnotationParser.parseMemberValue(Ljava/lang/Class;Ljava/nio/ByteBuffer;Ljdk/internal/reflect/ConstantPool;Ljava/lang/Class;)Ljava/lang/Object;+63 java.base@17.0.11
j  sun.reflect.annotation.AnnotationParser.parseAnnotation2(Ljava/nio/ByteBuffer;Ljdk/internal/reflect/ConstantPool;Ljava/lang/Class;Z[Ljava/lang/Class;)Ljava/lang/annotation/Annotation;+208 java.base@17.0.11
j  sun.reflect.annotation.AnnotationParser.parseAnnotations2([BLjdk/internal/reflect/ConstantPool;Ljava/lang/Class;[Ljava/lang/Class;)Ljava/util/Map;+41 java.base@17.0.11
j  sun.reflect.annotation.AnnotationParser.parseAnnotations([BLjdk/internal/reflect/ConstantPool;Ljava/lang/Class;)Ljava/util/Map;+12 java.base@17.0.11
J 942 c1 java.lang.reflect.Executable.declaredAnnotations()Ljava/util/Map; java.base@17.0.11 (85 bytes) @ 0x0000018ac4b60aa4 [0x0000018ac4b60440+0x0000000000000664]
J 942 c1 java.lang.reflect.Executable.declaredAnnotations()Ljava/util/Map; java.base@17.0.11 (85 bytes) @ 0x0000018ac4b60744 [0x0000018ac4b60440+0x0000000000000304]
j  java.lang.reflect.Executable.getAnnotation(Ljava/lang/Class;)Ljava/lang/annotation/Annotation;+7 java.base@17.0.11
j  java.lang.reflect.Method.getAnnotation(Ljava/lang/Class;)Ljava/lang/annotation/Annotation;+2 java.base@17.0.11
j  org.eclipse.lsp4j.jsonrpc.services.AnnotationUtil.createMethodInfo(Ljava/lang/reflect/Method;Ljava/lang/String;)Lorg/eclipse/lsp4j/jsonrpc/services/AnnotationUtil$MethodInfo;+10
j  org.eclipse.lsp4j.jsonrpc.services.AnnotationUtil.findRpcMethods(Ljava/lang/Class;Ljava/util/Set;Ljava/util/function/Consumer;)V+98
j  org.eclipse.lsp4j.jsonrpc.services.ServiceEndpoints.getSupportedMethods(Ljava/lang/Class;Ljava/util/Set;)Ljava/util/Map;+16
j  org.eclipse.lsp4j.jsonrpc.services.ServiceEndpoints.lambda$getSupportedMethods$1(Ljava/util/Set;Ljava/util/Map;Ljava/lang/reflect/Method;)V+5
j  org.eclipse.lsp4j.jsonrpc.services.ServiceEndpoints$$Lambda$35+0x0000018add08b390.accept(Ljava/lang/Object;)V+12
j  org.eclipse.lsp4j.jsonrpc.services.AnnotationUtil.findDelegateSegments(Ljava/lang/Class;Ljava/util/Set;Ljava/util/function/Consumer;)V+98
j  org.eclipse.lsp4j.jsonrpc.services.AnnotationUtil.findDelegateSegments(Ljava/lang/Class;Ljava/util/Set;Ljava/util/function/Consumer;)V+53
j  org.eclipse.lsp4j.jsonrpc.services.ServiceEndpoints.getSupportedMethods(Ljava/lang/Class;Ljava/util/Set;)Ljava/util/Map;+34
j  org.eclipse.lsp4j.jsonrpc.services.ServiceEndpoints.getSupportedMethods(Ljava/lang/Class;)Ljava/util/Map;+10
j  org.eclipse.lsp4j.jsonrpc.Launcher$Builder.getSupportedMethods()Ljava/util/Map;+110
j  org.eclipse.lsp4j.jsonrpc.Launcher$Builder.createJsonHandler()Lorg/eclipse/lsp4j/jsonrpc/json/MessageJsonHandler;+1
j  org.eclipse.lsp4j.jsonrpc.Launcher$Builder.create()Lorg/eclipse/lsp4j/jsonrpc/Launcher;+69
j  org.eclipse.lsp4j.jsonrpc.Launcher.createLauncher(Ljava/lang/Object;Ljava/lang/Class;Ljava/io/InputStream;Ljava/io/OutputStream;)Lorg/eclipse/lsp4j/jsonrpc/Launcher;+23
j  com.microsoft.gradle.GradleLanguageServer.main([Ljava/lang/String;)V+27
v  ~StubRoutines::call_stub

---------------  P R O C E S S  ---------------

Threads class SMR info:
_java_thread_list=0x0000018adb7bbdc0, length=13, elements={
0x0000018abd0f2e90, 0x0000018adb10c5f0, 0x0000018adb10d270, 0x0000018adb11f5b0,
0x0000018adb120f80, 0x0000018adb121940, 0x0000018adb122300, 0x0000018adb1230a0,
0x0000018adb123b50, 0x0000018adb127880, 0x0000018adb362fd0, 0x0000018adb366d40,
0x0000018adbcc2580
}

Java Threads: ( => current thread )
=>0x0000018abd0f2e90 JavaThread "main" [_thread_in_vm, id=6252, stack(0x0000004a9d200000,0x0000004a9d300000)]
  0x0000018adb10c5f0 JavaThread "Reference Handler" daemon [_thread_blocked, id=13164, stack(0x0000004a9d900000,0x0000004a9da00000)]
  0x0000018adb10d270 JavaThread "Finalizer" daemon [_thread_blocked, id=4236, stack(0x0000004a9da00000,0x0000004a9db00000)]
  0x0000018adb11f5b0 JavaThread "Signal Dispatcher" daemon [_thread_blocked, id=16040, stack(0x0000004a9db00000,0x0000004a9dc00000)]
  0x0000018adb120f80 JavaThread "Attach Listener" daemon [_thread_blocked, id=3016, stack(0x0000004a9dc00000,0x0000004a9dd00000)]
  0x0000018adb121940 JavaThread "Service Thread" daemon [_thread_blocked, id=13748, stack(0x0000004a9dd00000,0x0000004a9de00000)]
  0x0000018adb122300 JavaThread "Monitor Deflation Thread" daemon [_thread_blocked, id=1732, stack(0x0000004a9de00000,0x0000004a9df00000)]
  0x0000018adb1230a0 JavaThread "C2 CompilerThread0" daemon [_thread_blocked, id=9256, stack(0x0000004a9df00000,0x0000004a9e000000)]
  0x0000018adb123b50 JavaThread "C1 CompilerThread0" daemon [_thread_blocked, id=10880, stack(0x0000004a9e000000,0x0000004a9e100000)]
  0x0000018adb127880 JavaThread "Sweeper thread" daemon [_thread_blocked, id=9104, stack(0x0000004a9e100000,0x0000004a9e200000)]
  0x0000018adb362fd0 JavaThread "Notification Thread" daemon [_thread_blocked, id=5788, stack(0x0000004a9e200000,0x0000004a9e300000)]
  0x0000018adb366d40 JavaThread "Common-Cleaner" daemon [_thread_blocked, id=7036, stack(0x0000004a9e400000,0x0000004a9e500000)]
  0x0000018adbcc2580 JavaThread "C2 CompilerThread1" daemon [_thread_blocked, id=3544, stack(0x0000004a9e500000,0x0000004a9e600000)]

Other Threads:
  0x0000018adb1056d0 VMThread "VM Thread" [stack: 0x0000004a9d800000,0x0000004a9d900000] [id=18548]
  0x0000018adb3654c0 WatcherThread [stack: 0x0000004a9e300000,0x0000004a9e400000] [id=14364]
  0x0000018abd148df0 GCTaskThread "GC Thread#0" [stack: 0x0000004a9d300000,0x0000004a9d400000] [id=16620]
  0x0000018adb570ea0 GCTaskThread "GC Thread#1" [stack: 0x0000004a9e600000,0x0000004a9e700000] [id=14348]
  0x0000018adbcc2030 GCTaskThread "GC Thread#2" [stack: 0x0000004a9e700000,0x0000004a9e800000] [id=15340]
  0x0000018adb7ce710 GCTaskThread "GC Thread#3" [stack: 0x0000004a9e800000,0x0000004a9e900000] [id=5260]
  0x0000018adb7ce9d0 GCTaskThread "GC Thread#4" [stack: 0x0000004a9e900000,0x0000004a9ea00000] [id=10200]
  0x0000018abd159890 ConcurrentGCThread "G1 Main Marker" [stack: 0x0000004a9d400000,0x0000004a9d500000] [id=17904]
  0x0000018abd15a2a0 ConcurrentGCThread "G1 Conc#0" [stack: 0x0000004a9d500000,0x0000004a9d600000] [id=8196]
  0x0000018adafc2850 ConcurrentGCThread "G1 Refine#0" [stack: 0x0000004a9d600000,0x0000004a9d700000] [id=2776]
  0x0000018abd1bbf50 ConcurrentGCThread "G1 Service" [stack: 0x0000004a9d700000,0x0000004a9d800000] [id=18304]

Threads with active compile tasks:

VM state: not at safepoint (normal execution)

VM Mutex/Monitor currently owned by a thread:  ([mutex/lock_event])
[0x0000018abd0ecf90] Metaspace_lock - owner thread: 0x0000018abd0f2e90

Heap address: 0x000000008a600000, size: 1882 MB, Compressed Oops mode: 32-bit

CDS archive(s) mapped at: [0x0000018adc000000-0x0000018adcbd0000-0x0000018adcbd0000), size 12386304, SharedBaseAddress: 0x0000018adc000000, ArchiveRelocationMode: 1.
Compressed class space mapped at: 0x0000018add000000-0x0000018b1d000000, reserved size: 1073741824
Narrow klass base: 0x0000018adc000000, Narrow klass shift: 0, Narrow klass range: 0x100000000

GC Precious Log:
 CPUs: 12 total, 12 available
 Memory: 7521M
 Large Page Support: Disabled
 NUMA Support: Disabled
 Compressed Oops: Enabled (32-bit)
 Heap Region Size: 1M
 Heap Min Capacity: 8M
 Heap Initial Capacity: 118M
 Heap Max Capacity: 1882M
 Pre-touch: Disabled
 Parallel Workers: 10
 Concurrent Workers: 3
 Concurrent Refinement Workers: 10
 Periodic GC: Disabled

Heap:
 garbage-first heap   total 120832K, used 11904K [0x000000008a600000, 0x0000000100000000)
  region size 1024K, 12 young (12288K), 3 survivors (3072K)
 Metaspace       used 5072K, committed 5184K, reserved 1114112K
  class space    used 559K, committed 640K, reserved 1048576K

Heap Regions: E=young(eden), S=young(survivor), O=old, HS=humongous(starts), HC=humongous(continues), CS=collection set, F=free, OA=open archive, CA=closed archive, TAMS=top-at-mark-start (previous, next)
|   0|0x000000008a600000, 0x000000008a700000, 0x000000008a700000|100%|HS|  |TAMS 0x000000008a600000, 0x000000008a600000| Complete 
|   1|0x000000008a700000, 0x000000008a700000, 0x000000008a800000|  0%| F|  |TAMS 0x000000008a700000, 0x000000008a700000| Untracked 
|   2|0x000000008a800000, 0x000000008a800000, 0x000000008a900000|  0%| F|  |TAMS 0x000000008a800000, 0x000000008a800000| Untracked 
|   3|0x000000008a900000, 0x000000008a900000, 0x000000008aa00000|  0%| F|  |TAMS 0x000000008a900000, 0x000000008a900000| Untracked 
|   4|0x000000008aa00000, 0x000000008aa00000, 0x000000008ab00000|  0%| F|  |TAMS 0x000000008aa00000, 0x000000008aa00000| Untracked 
|   5|0x000000008ab00000, 0x000000008ab00000, 0x000000008ac00000|  0%| F|  |TAMS 0x000000008ab00000, 0x000000008ab00000| Untracked 
|   6|0x000000008ac00000, 0x000000008ac00000, 0x000000008ad00000|  0%| F|  |TAMS 0x000000008ac00000, 0x000000008ac00000| Untracked 
|   7|0x000000008ad00000, 0x000000008ad00000, 0x000000008ae00000|  0%| F|  |TAMS 0x000000008ad00000, 0x000000008ad00000| Untracked 
|   8|0x000000008ae00000, 0x000000008ae00000, 0x000000008af00000|  0%| F|  |TAMS 0x000000008ae00000, 0x000000008ae00000| Untracked 
|   9|0x000000008af00000, 0x000000008af00000, 0x000000008b000000|  0%| F|  |TAMS 0x000000008af00000, 0x000000008af00000| Untracked 
|  10|0x000000008b000000, 0x000000008b000000, 0x000000008b100000|  0%| F|  |TAMS 0x000000008b000000, 0x000000008b000000| Untracked 
|  11|0x000000008b100000, 0x000000008b100000, 0x000000008b200000|  0%| F|  |TAMS 0x000000008b100000, 0x000000008b100000| Untracked 
|  12|0x000000008b200000, 0x000000008b200000, 0x000000008b300000|  0%| F|  |TAMS 0x000000008b200000, 0x000000008b200000| Untracked 
|  13|0x000000008b300000, 0x000000008b300000, 0x000000008b400000|  0%| F|  |TAMS 0x000000008b300000, 0x000000008b300000| Untracked 
|  14|0x000000008b400000, 0x000000008b400000, 0x000000008b500000|  0%| F|  |TAMS 0x000000008b400000, 0x000000008b400000| Untracked 
|  15|0x000000008b500000, 0x000000008b500000, 0x000000008b600000|  0%| F|  |TAMS 0x000000008b500000, 0x000000008b500000| Untracked 
|  16|0x000000008b600000, 0x000000008b600000, 0x000000008b700000|  0%| F|  |TAMS 0x000000008b600000, 0x000000008b600000| Untracked 
|  17|0x000000008b700000, 0x000000008b700000, 0x000000008b800000|  0%| F|  |TAMS 0x000000008b700000, 0x000000008b700000| Untracked 
|  18|0x000000008b800000, 0x000000008b800000, 0x000000008b900000|  0%| F|  |TAMS 0x000000008b800000, 0x000000008b800000| Untracked 
|  19|0x000000008b900000, 0x000000008b900000, 0x000000008ba00000|  0%| F|  |TAMS 0x000000008b900000, 0x000000008b900000| Untracked 
|  20|0x000000008ba00000, 0x000000008ba00000, 0x000000008bb00000|  0%| F|  |TAMS 0x000000008ba00000, 0x000000008ba00000| Untracked 
|  21|0x000000008bb00000, 0x000000008bb00000, 0x000000008bc00000|  0%| F|  |TAMS 0x000000008bb00000, 0x000000008bb00000| Untracked 
|  22|0x000000008bc00000, 0x000000008bc00000, 0x000000008bd00000|  0%| F|  |TAMS 0x000000008bc00000, 0x000000008bc00000| Untracked 
|  23|0x000000008bd00000, 0x000000008bd00000, 0x000000008be00000|  0%| F|  |TAMS 0x000000008bd00000, 0x000000008bd00000| Untracked 
|  24|0x000000008be00000, 0x000000008be00000, 0x000000008bf00000|  0%| F|  |TAMS 0x000000008be00000, 0x000000008be00000| Untracked 
|  25|0x000000008bf00000, 0x000000008bf00000, 0x000000008c000000|  0%| F|  |TAMS 0x000000008bf00000, 0x000000008bf00000| Untracked 
|  26|0x000000008c000000, 0x000000008c000000, 0x000000008c100000|  0%| F|  |TAMS 0x000000008c000000, 0x000000008c000000| Untracked 
|  27|0x000000008c100000, 0x000000008c100000, 0x000000008c200000|  0%| F|  |TAMS 0x000000008c100000, 0x000000008c100000| Untracked 
|  28|0x000000008c200000, 0x000000008c200000, 0x000000008c300000|  0%| F|  |TAMS 0x000000008c200000, 0x000000008c200000| Untracked 
|  29|0x000000008c300000, 0x000000008c300000, 0x000000008c400000|  0%| F|  |TAMS 0x000000008c300000, 0x000000008c300000| Untracked 
|  30|0x000000008c400000, 0x000000008c400000, 0x000000008c500000|  0%| F|  |TAMS 0x000000008c400000, 0x000000008c400000| Untracked 
|  31|0x000000008c500000, 0x000000008c500000, 0x000000008c600000|  0%| F|  |TAMS 0x000000008c500000, 0x000000008c500000| Untracked 
|  32|0x000000008c600000, 0x000000008c600000, 0x000000008c700000|  0%| F|  |TAMS 0x000000008c600000, 0x000000008c600000| Untracked 
|  33|0x000000008c700000, 0x000000008c700000, 0x000000008c800000|  0%| F|  |TAMS 0x000000008c700000, 0x000000008c700000| Untracked 
|  34|0x000000008c800000, 0x000000008c800000, 0x000000008c900000|  0%| F|  |TAMS 0x000000008c800000, 0x000000008c800000| Untracked 
|  35|0x000000008c900000, 0x000000008c900000, 0x000000008ca00000|  0%| F|  |TAMS 0x000000008c900000, 0x000000008c900000| Untracked 
|  36|0x000000008ca00000, 0x000000008ca00000, 0x000000008cb00000|  0%| F|  |TAMS 0x000000008ca00000, 0x000000008ca00000| Untracked 
|  37|0x000000008cb00000, 0x000000008cb00000, 0x000000008cc00000|  0%| F|  |TAMS 0x000000008cb00000, 0x000000008cb00000| Untracked 
|  38|0x000000008cc00000, 0x000000008cc00000, 0x000000008cd00000|  0%| F|  |TAMS 0x000000008cc00000, 0x000000008cc00000| Untracked 
|  39|0x000000008cd00000, 0x000000008cd00000, 0x000000008ce00000|  0%| F|  |TAMS 0x000000008cd00000, 0x000000008cd00000| Untracked 
|  40|0x000000008ce00000, 0x000000008ce00000, 0x000000008cf00000|  0%| F|  |TAMS 0x000000008ce00000, 0x000000008ce00000| Untracked 
|  41|0x000000008cf00000, 0x000000008cf00000, 0x000000008d000000|  0%| F|  |TAMS 0x000000008cf00000, 0x000000008cf00000| Untracked 
|  42|0x000000008d000000, 0x000000008d000000, 0x000000008d100000|  0%| F|  |TAMS 0x000000008d000000, 0x000000008d000000| Untracked 
|  43|0x000000008d100000, 0x000000008d100000, 0x000000008d200000|  0%| F|  |TAMS 0x000000008d100000, 0x000000008d100000| Untracked 
|  44|0x000000008d200000, 0x000000008d200000, 0x000000008d300000|  0%| F|  |TAMS 0x000000008d200000, 0x000000008d200000| Untracked 
|  45|0x000000008d300000, 0x000000008d300000, 0x000000008d400000|  0%| F|  |TAMS 0x000000008d300000, 0x000000008d300000| Untracked 
|  46|0x000000008d400000, 0x000000008d400000, 0x000000008d500000|  0%| F|  |TAMS 0x000000008d400000, 0x000000008d400000| Untracked 
|  47|0x000000008d500000, 0x000000008d500000, 0x000000008d600000|  0%| F|  |TAMS 0x000000008d500000, 0x000000008d500000| Untracked 
|  48|0x000000008d600000, 0x000000008d600000, 0x000000008d700000|  0%| F|  |TAMS 0x000000008d600000, 0x000000008d600000| Untracked 
|  49|0x000000008d700000, 0x000000008d700000, 0x000000008d800000|  0%| F|  |TAMS 0x000000008d700000, 0x000000008d700000| Untracked 
|  50|0x000000008d800000, 0x000000008d800000, 0x000000008d900000|  0%| F|  |TAMS 0x000000008d800000, 0x000000008d800000| Untracked 
|  51|0x000000008d900000, 0x000000008d900000, 0x000000008da00000|  0%| F|  |TAMS 0x000000008d900000, 0x000000008d900000| Untracked 
|  52|0x000000008da00000, 0x000000008da00000, 0x000000008db00000|  0%| F|  |TAMS 0x000000008da00000, 0x000000008da00000| Untracked 
|  53|0x000000008db00000, 0x000000008db00000, 0x000000008dc00000|  0%| F|  |TAMS 0x000000008db00000, 0x000000008db00000| Untracked 
|  54|0x000000008dc00000, 0x000000008dc00000, 0x000000008dd00000|  0%| F|  |TAMS 0x000000008dc00000, 0x000000008dc00000| Untracked 
|  55|0x000000008dd00000, 0x000000008dd00000, 0x000000008de00000|  0%| F|  |TAMS 0x000000008dd00000, 0x000000008dd00000| Untracked 
|  56|0x000000008de00000, 0x000000008de00000, 0x000000008df00000|  0%| F|  |TAMS 0x000000008de00000, 0x000000008de00000| Untracked 
|  57|0x000000008df00000, 0x000000008df00000, 0x000000008e000000|  0%| F|  |TAMS 0x000000008df00000, 0x000000008df00000| Untracked 
|  58|0x000000008e000000, 0x000000008e000000, 0x000000008e100000|  0%| F|  |TAMS 0x000000008e000000, 0x000000008e000000| Untracked 
|  59|0x000000008e100000, 0x000000008e100000, 0x000000008e200000|  0%| F|  |TAMS 0x000000008e100000, 0x000000008e100000| Untracked 
|  60|0x000000008e200000, 0x000000008e200000, 0x000000008e300000|  0%| F|  |TAMS 0x000000008e200000, 0x000000008e200000| Untracked 
|  61|0x000000008e300000, 0x000000008e300000, 0x000000008e400000|  0%| F|  |TAMS 0x000000008e300000, 0x000000008e300000| Untracked 
|  62|0x000000008e400000, 0x000000008e400000, 0x000000008e500000|  0%| F|  |TAMS 0x000000008e400000, 0x000000008e400000| Untracked 
|  63|0x000000008e500000, 0x000000008e500000, 0x000000008e600000|  0%| F|  |TAMS 0x000000008e500000, 0x000000008e500000| Untracked 
|  64|0x000000008e600000, 0x000000008e600000, 0x000000008e700000|  0%| F|  |TAMS 0x000000008e600000, 0x000000008e600000| Untracked 
|  65|0x000000008e700000, 0x000000008e700000, 0x000000008e800000|  0%| F|  |TAMS 0x000000008e700000, 0x000000008e700000| Untracked 
|  66|0x000000008e800000, 0x000000008e800000, 0x000000008e900000|  0%| F|  |TAMS 0x000000008e800000, 0x000000008e800000| Untracked 
|  67|0x000000008e900000, 0x000000008e900000, 0x000000008ea00000|  0%| F|  |TAMS 0x000000008e900000, 0x000000008e900000| Untracked 
|  68|0x000000008ea00000, 0x000000008ea00000, 0x000000008eb00000|  0%| F|  |TAMS 0x000000008ea00000, 0x000000008ea00000| Untracked 
|  69|0x000000008eb00000, 0x000000008eb00000, 0x000000008ec00000|  0%| F|  |TAMS 0x000000008eb00000, 0x000000008eb00000| Untracked 
|  70|0x000000008ec00000, 0x000000008ec00000, 0x000000008ed00000|  0%| F|  |TAMS 0x000000008ec00000, 0x000000008ec00000| Untracked 
|  71|0x000000008ed00000, 0x000000008ed00000, 0x000000008ee00000|  0%| F|  |TAMS 0x000000008ed00000, 0x000000008ed00000| Untracked 
|  72|0x000000008ee00000, 0x000000008ee00000, 0x000000008ef00000|  0%| F|  |TAMS 0x000000008ee00000, 0x000000008ee00000| Untracked 
|  73|0x000000008ef00000, 0x000000008ef00000, 0x000000008f000000|  0%| F|  |TAMS 0x000000008ef00000, 0x000000008ef00000| Untracked 
|  74|0x000000008f000000, 0x000000008f000000, 0x000000008f100000|  0%| F|  |TAMS 0x000000008f000000, 0x000000008f000000| Untracked 
|  75|0x000000008f100000, 0x000000008f100000, 0x000000008f200000|  0%| F|  |TAMS 0x000000008f100000, 0x000000008f100000| Untracked 
|  76|0x000000008f200000, 0x000000008f200000, 0x000000008f300000|  0%| F|  |TAMS 0x000000008f200000, 0x000000008f200000| Untracked 
|  77|0x000000008f300000, 0x000000008f300000, 0x000000008f400000|  0%| F|  |TAMS 0x000000008f300000, 0x000000008f300000| Untracked 
|  78|0x000000008f400000, 0x000000008f400000, 0x000000008f500000|  0%| F|  |TAMS 0x000000008f400000, 0x000000008f400000| Untracked 
|  79|0x000000008f500000, 0x000000008f500000, 0x000000008f600000|  0%| F|  |TAMS 0x000000008f500000, 0x000000008f500000| Untracked 
|  80|0x000000008f600000, 0x000000008f600000, 0x000000008f700000|  0%| F|  |TAMS 0x000000008f600000, 0x000000008f600000| Untracked 
|  81|0x000000008f700000, 0x000000008f700000, 0x000000008f800000|  0%| F|  |TAMS 0x000000008f700000, 0x000000008f700000| Untracked 
|  82|0x000000008f800000, 0x000000008f800000, 0x000000008f900000|  0%| F|  |TAMS 0x000000008f800000, 0x000000008f800000| Untracked 
|  83|0x000000008f900000, 0x000000008f900000, 0x000000008fa00000|  0%| F|  |TAMS 0x000000008f900000, 0x000000008f900000| Untracked 
|  84|0x000000008fa00000, 0x000000008fa00000, 0x000000008fb00000|  0%| F|  |TAMS 0x000000008fa00000, 0x000000008fa00000| Untracked 
|  85|0x000000008fb00000, 0x000000008fb00000, 0x000000008fc00000|  0%| F|  |TAMS 0x000000008fb00000, 0x000000008fb00000| Untracked 
|  86|0x000000008fc00000, 0x000000008fc00000, 0x000000008fd00000|  0%| F|  |TAMS 0x000000008fc00000, 0x000000008fc00000| Untracked 
|  87|0x000000008fd00000, 0x000000008fd00000, 0x000000008fe00000|  0%| F|  |TAMS 0x000000008fd00000, 0x000000008fd00000| Untracked 
|  88|0x000000008fe00000, 0x000000008fe00000, 0x000000008ff00000|  0%| F|  |TAMS 0x000000008fe00000, 0x000000008fe00000| Untracked 
|  89|0x000000008ff00000, 0x000000008ff00000, 0x0000000090000000|  0%| F|  |TAMS 0x000000008ff00000, 0x000000008ff00000| Untracked 
|  90|0x0000000090000000, 0x0000000090000000, 0x0000000090100000|  0%| F|  |TAMS 0x0000000090000000, 0x0000000090000000| Untracked 
|  91|0x0000000090100000, 0x0000000090100000, 0x0000000090200000|  0%| F|  |TAMS 0x0000000090100000, 0x0000000090100000| Untracked 
|  92|0x0000000090200000, 0x00000000902a0000, 0x0000000090300000| 62%| S|CS|TAMS 0x0000000090200000, 0x0000000090200000| Complete 
|  93|0x0000000090300000, 0x0000000090400000, 0x0000000090400000|100%| S|CS|TAMS 0x0000000090300000, 0x0000000090300000| Complete 
|  94|0x0000000090400000, 0x0000000090500000, 0x0000000090500000|100%| S|CS|TAMS 0x0000000090400000, 0x0000000090400000| Complete 
|  95|0x0000000090500000, 0x0000000090500000, 0x0000000090600000|  0%| F|  |TAMS 0x0000000090500000, 0x0000000090500000| Untracked 
|  96|0x0000000090600000, 0x0000000090600000, 0x0000000090700000|  0%| F|  |TAMS 0x0000000090600000, 0x0000000090600000| Untracked 
|  97|0x0000000090700000, 0x0000000090700000, 0x0000000090800000|  0%| F|  |TAMS 0x0000000090700000, 0x0000000090700000| Untracked 
|  98|0x0000000090800000, 0x0000000090800000, 0x0000000090900000|  0%| F|  |TAMS 0x0000000090800000, 0x0000000090800000| Untracked 
|  99|0x0000000090900000, 0x0000000090900000, 0x0000000090a00000|  0%| F|  |TAMS 0x0000000090900000, 0x0000000090900000| Untracked 
| 100|0x0000000090a00000, 0x0000000090a00000, 0x0000000090b00000|  0%| F|  |TAMS 0x0000000090a00000, 0x0000000090a00000| Untracked 
| 101|0x0000000090b00000, 0x0000000090b00000, 0x0000000090c00000|  0%| F|  |TAMS 0x0000000090b00000, 0x0000000090b00000| Untracked 
| 102|0x0000000090c00000, 0x0000000090c00000, 0x0000000090d00000|  0%| F|  |TAMS 0x0000000090c00000, 0x0000000090c00000| Untracked 
| 103|0x0000000090d00000, 0x0000000090d00000, 0x0000000090e00000|  0%| F|  |TAMS 0x0000000090d00000, 0x0000000090d00000| Untracked 
| 104|0x0000000090e00000, 0x0000000090e00000, 0x0000000090f00000|  0%| F|  |TAMS 0x0000000090e00000, 0x0000000090e00000| Untracked 
| 105|0x0000000090f00000, 0x0000000090f00000, 0x0000000091000000|  0%| F|  |TAMS 0x0000000090f00000, 0x0000000090f00000| Untracked 
| 106|0x0000000091000000, 0x0000000091000000, 0x0000000091100000|  0%| F|  |TAMS 0x0000000091000000, 0x0000000091000000| Untracked 
| 107|0x0000000091100000, 0x0000000091100000, 0x0000000091200000|  0%| F|  |TAMS 0x0000000091100000, 0x0000000091100000| Untracked 
| 108|0x0000000091200000, 0x0000000091200000, 0x0000000091300000|  0%| F|  |TAMS 0x0000000091200000, 0x0000000091200000| Untracked 
| 109|0x0000000091300000, 0x0000000091381cf0, 0x0000000091400000| 50%| E|  |TAMS 0x0000000091300000, 0x0000000091300000| Complete 
| 110|0x0000000091400000, 0x0000000091500000, 0x0000000091500000|100%| E|CS|TAMS 0x0000000091400000, 0x0000000091400000| Complete 
| 111|0x0000000091500000, 0x0000000091600000, 0x0000000091600000|100%| E|CS|TAMS 0x0000000091500000, 0x0000000091500000| Complete 
| 112|0x0000000091600000, 0x0000000091700000, 0x0000000091700000|100%| E|CS|TAMS 0x0000000091600000, 0x0000000091600000| Complete 
| 113|0x0000000091700000, 0x0000000091800000, 0x0000000091800000|100%| E|CS|TAMS 0x0000000091700000, 0x0000000091700000| Complete 
| 114|0x0000000091800000, 0x0000000091900000, 0x0000000091900000|100%| E|CS|TAMS 0x0000000091800000, 0x0000000091800000| Complete 
| 115|0x0000000091900000, 0x0000000091a00000, 0x0000000091a00000|100%| E|CS|TAMS 0x0000000091900000, 0x0000000091900000| Complete 
| 116|0x0000000091a00000, 0x0000000091b00000, 0x0000000091b00000|100%| E|CS|TAMS 0x0000000091a00000, 0x0000000091a00000| Complete 
| 117|0x0000000091b00000, 0x0000000091c00000, 0x0000000091c00000|100%| E|CS|TAMS 0x0000000091b00000, 0x0000000091b00000| Complete 

Card table byte_map: [0x0000018ad42c0000,0x0000018ad4670000] _byte_map_base: 0x0000018ad3e6d000

Marking Bits (Prev, Next): (CMBitMap*) 0x0000018abd14a420, (CMBitMap*) 0x0000018abd14a460
 Prev Bits: [0x0000018ad4a20000, 0x0000018ad6788000)
 Next Bits: [0x0000018ad6790000, 0x0000018ad84f8000)

Polling page: 0x0000018abb020000

Metaspace:

Usage:
  Non-class:      4.41 MB used.
      Class:    559.13 KB used.
       Both:      4.95 MB used.

Virtual space:
  Non-class space:       64.00 MB reserved,       4.44 MB (  7%) committed,  1 nodes.
      Class space:        1.00 GB reserved,     640.00 KB ( <1%) committed,  1 nodes.
             Both:        1.06 GB reserved,       5.06 MB ( <1%) committed. 

Chunk freelists:
   Non-Class:  10.73 MB
       Class:  15.39 MB
        Both:  26.12 MB

MaxMetaspaceSize: unlimited
CompressedClassSpaceSize: 1.00 GB
Initial GC threshold: 21.00 MB
Current GC threshold: 21.00 MB
CDS: on
MetaspaceReclaimPolicy: balanced
 - commit_granule_bytes: 65536.
 - commit_granule_words: 8192.
 - virtual_space_node_default_size: 8388608.
 - enlarge_chunks_in_place: 1.
 - new_chunks_are_fully_committed: 0.
 - uncommit_free_chunks: 1.
 - use_allocation_guard: 0.
 - handle_deallocations: 1.


Internal statistics:

num_allocs_failed_limit: 0.
num_arena_births: 22.
num_arena_deaths: 0.
num_vsnodes_births: 2.
num_vsnodes_deaths: 0.
num_space_committed: 81.
num_space_uncommitted: 0.
num_chunks_returned_to_freelist: 0.
num_chunks_taken_from_freelist: 99.
num_chunk_merges: 0.
num_chunk_splits: 68.
num_chunks_enlarged: 51.
num_inconsistent_stats: 0.

CodeHeap 'non-profiled nmethods': size=120000Kb used=520Kb max_used=520Kb free=119479Kb
 bounds [0x0000018acc480000, 0x0000018acc6f0000, 0x0000018ad39b0000]
CodeHeap 'profiled nmethods': size=120000Kb used=1791Kb max_used=1791Kb free=118208Kb
 bounds [0x0000018ac49b0000, 0x0000018ac4c20000, 0x0000018acbee0000]
CodeHeap 'non-nmethods': size=5760Kb used=1140Kb max_used=1187Kb free=4619Kb
 bounds [0x0000018acbee0000, 0x0000018acc150000, 0x0000018acc480000]
 total_blobs=1402 nmethods=978 adapters=337
 compilation: enabled
              stopped_count=0, restarted_count=0
 full_count=0

Compilation events (20 events):
Event: 2.911 Thread 0x0000018adb123b50  963       1       java.lang.reflect.Method::getGenericSignature (5 bytes)
Event: 2.911 Thread 0x0000018adb123b50 nmethod 963 0x0000018acc500f10 code [0x0000018acc5010a0, 0x0000018acc501178]
Event: 2.912 Thread 0x0000018adb123b50  965       3       java.lang.Class::cast (27 bytes)
Event: 2.912 Thread 0x0000018adb123b50 nmethod 965 0x0000018ac4b68010 code [0x0000018ac4b681c0, 0x0000018ac4b68478]
Event: 2.912 Thread 0x0000018adb123b50  968       3       java.nio.HeapByteBuffer::byteOffset (7 bytes)
Event: 2.912 Thread 0x0000018adb123b50 nmethod 968 0x0000018ac4b68590 code [0x0000018ac4b68720, 0x0000018ac4b68838]
Event: 2.912 Thread 0x0000018adb123b50  969       3       java.nio.Buffer::nextGetIndex (32 bytes)
Event: 2.912 Thread 0x0000018adb123b50 nmethod 969 0x0000018ac4b68910 code [0x0000018ac4b68ac0, 0x0000018ac4b68c88]
Event: 2.912 Thread 0x0000018adb123b50  967       3       java.util.stream.StreamSupport::stream (19 bytes)
Event: 2.912 Thread 0x0000018adb123b50 nmethod 967 0x0000018ac4b68d90 code [0x0000018ac4b68f60, 0x0000018ac4b69388]
Event: 2.912 Thread 0x0000018adb123b50  966       1       java.lang.Boolean::booleanValue (5 bytes)
Event: 2.912 Thread 0x0000018adb123b50 nmethod 966 0x0000018acc501610 code [0x0000018acc5017a0, 0x0000018acc501878]
Event: 2.913 Thread 0x0000018adb123b50  970   !   3       java.util.zip.Inflater::needsInput (55 bytes)
Event: 2.913 Thread 0x0000018adb123b50 nmethod 970 0x0000018ac4b69590 code [0x0000018ac4b69740, 0x0000018ac4b69af8]
Event: 2.914 Thread 0x0000018adb123b50  971       3       java.util.HashMap$HashIterator::<init> (79 bytes)
Event: 2.914 Thread 0x0000018adb123b50 nmethod 971 0x0000018ac4b69c10 code [0x0000018ac4b69dc0, 0x0000018ac4b6a1f8]
Event: 2.914 Thread 0x0000018adb123b50  972       3       sun.reflect.generics.tree.ClassTypeSignature::accept (8 bytes)
Event: 2.914 Thread 0x0000018adb123b50 nmethod 972 0x0000018ac4b6a390 code [0x0000018ac4b6a540, 0x0000018ac4b6a6e8]
Event: 2.914 Thread 0x0000018adb123b50  973       3       sun.reflect.generics.visitor.Reifier::visitClassTypeSignature (381 bytes)
Event: 2.915 Thread 0x0000018adbcc2580 nmethod 962 0x0000018acc501910 code [0x0000018acc501aa0, 0x0000018acc501f38]

GC Heap History (2 events):
Event: 2.562 GC heap before
{Heap before GC invocations=0 (full 0):
 garbage-first heap   total 120832K, used 23552K [0x000000008a600000, 0x0000000100000000)
  region size 1024K, 23 young (23552K), 0 survivors (0K)
 Metaspace       used 3034K, committed 3200K, reserved 1114112K
  class space    used 306K, committed 384K, reserved 1048576K
}
Event: 2.570 GC heap after
{Heap after GC invocations=1 (full 0):
 garbage-first heap   total 120832K, used 3712K [0x000000008a600000, 0x0000000100000000)
  region size 1024K, 3 young (3072K), 3 survivors (3072K)
 Metaspace       used 3034K, committed 3200K, reserved 1114112K
  class space    used 306K, committed 384K, reserved 1048576K
}

Deoptimization events (20 events):
Event: 2.847 Thread 0x0000018abd0f2e90 Uncommon trap: trap_request=0xffffffde fr.pc=0x0000018acc4f2644 relative=0x00000000000013a4
Event: 2.847 Thread 0x0000018abd0f2e90 Uncommon trap: reason=class_check action=maybe_recompile pc=0x0000018acc4f2644 method=java.util.HashMap.putVal(ILjava/lang/Object;Ljava/lang/Object;ZZ)Ljava/lang/Object; @ 253 c2
Event: 2.847 Thread 0x0000018abd0f2e90 DEOPT PACKING pc=0x0000018acc4f2644 sp=0x0000004a9d2fedf0
Event: 2.847 Thread 0x0000018abd0f2e90 DEOPT UNPACKING pc=0x0000018acbf323a3 sp=0x0000004a9d2fed48 mode 2
Event: 2.850 Thread 0x0000018abd0f2e90 Uncommon trap: trap_request=0xffffffc6 fr.pc=0x0000018acc4bf40c relative=0x00000000000022ec
Event: 2.850 Thread 0x0000018abd0f2e90 Uncommon trap: reason=bimorphic_or_optimized_type_check action=maybe_recompile pc=0x0000018acc4bf40c method=java.util.stream.ReferencePipeline$3$1.accept(Ljava/lang/Object;)V @ 12 c2
Event: 2.850 Thread 0x0000018abd0f2e90 DEOPT PACKING pc=0x0000018acc4bf40c sp=0x0000004a9d2fede0
Event: 2.850 Thread 0x0000018abd0f2e90 DEOPT UNPACKING pc=0x0000018acbf323a3 sp=0x0000004a9d2fede0 mode 2
Event: 2.850 Thread 0x0000018abd0f2e90 Uncommon trap: trap_request=0xffffffde fr.pc=0x0000018acc4eff08 relative=0x0000000000001368
Event: 2.850 Thread 0x0000018abd0f2e90 Uncommon trap: reason=class_check action=maybe_recompile pc=0x0000018acc4eff08 method=java.util.HashMap.putVal(ILjava/lang/Object;Ljava/lang/Object;ZZ)Ljava/lang/Object; @ 253 c2
Event: 2.850 Thread 0x0000018abd0f2e90 DEOPT PACKING pc=0x0000018acc4eff08 sp=0x0000004a9d2fed60
Event: 2.850 Thread 0x0000018abd0f2e90 DEOPT UNPACKING pc=0x0000018acbf323a3 sp=0x0000004a9d2fed40 mode 2
Event: 2.850 Thread 0x0000018abd0f2e90 Uncommon trap: trap_request=0xffffffc6 fr.pc=0x0000018acc4bf40c relative=0x00000000000022ec
Event: 2.850 Thread 0x0000018abd0f2e90 Uncommon trap: reason=bimorphic_or_optimized_type_check action=maybe_recompile pc=0x0000018acc4bf40c method=java.util.stream.ReferencePipeline$3$1.accept(Ljava/lang/Object;)V @ 12 c2
Event: 2.850 Thread 0x0000018abd0f2e90 DEOPT PACKING pc=0x0000018acc4bf40c sp=0x0000004a9d2fedf0
Event: 2.850 Thread 0x0000018abd0f2e90 DEOPT UNPACKING pc=0x0000018acbf323a3 sp=0x0000004a9d2fedf0 mode 2
Event: 2.851 Thread 0x0000018abd0f2e90 Uncommon trap: trap_request=0xffffffc6 fr.pc=0x0000018acc4bf40c relative=0x00000000000022ec
Event: 2.851 Thread 0x0000018abd0f2e90 Uncommon trap: reason=bimorphic_or_optimized_type_check action=maybe_recompile pc=0x0000018acc4bf40c method=java.util.stream.ReferencePipeline$3$1.accept(Ljava/lang/Object;)V @ 12 c2
Event: 2.851 Thread 0x0000018abd0f2e90 DEOPT PACKING pc=0x0000018acc4bf40c sp=0x0000004a9d2fedf0
Event: 2.851 Thread 0x0000018abd0f2e90 DEOPT UNPACKING pc=0x0000018acbf323a3 sp=0x0000004a9d2fedf0 mode 2

Classes unloaded (0 events):
No events

Classes redefined (0 events):
No events

Internal exceptions (7 events):
Event: 0.484 Thread 0x0000018abd0f2e90 Exception <a 'java/lang/NoSuchMethodError'{0x00000000915380c0}: 'void java.lang.invoke.DirectMethodHandle$Holder.invokeVirtual(java.lang.Object, java.lang.Object)'> (0x00000000915380c0) 
thrown [s\open\src\hotspot\share\interpreter\linkResolver.cpp, line 759]
Event: 2.514 Thread 0x0000018abd0f2e90 Implicit null exception at 0x0000018acc4acb0f to 0x0000018acc4b1114
Event: 2.516 Thread 0x0000018abd0f2e90 Exception <a 'java/lang/NoSuchMethodError'{0x00000000908b7190}: 'void java.lang.invoke.DirectMethodHandle$Holder.invokeStatic(java.lang.Object, java.lang.Object, java.lang.Object)'> (0x00000000908b7190) 
thrown [s\open\src\hotspot\share\interpreter\linkResolver.cpp, line 759]
Event: 2.753 Thread 0x0000018abd0f2e90 Implicit null exception at 0x0000018acc4bc6f7 to 0x0000018acc4bc770
Event: 2.770 Thread 0x0000018abd0f2e90 Exception <a 'java/lang/NoSuchMethodError'{0x0000000091666438}: 'java.lang.Object java.lang.invoke.Invokers$Holder.invokeExact_MT(java.lang.Object, java.lang.Object, java.lang.Object, java.lang.Object, java.lang.Object, java.lang.Object)'> (0x0000000091666438) 
thrown [s\open\src\hotspot\share\interpreter\linkResolver.cpp, line 759]
Event: 2.790 Thread 0x0000018abd0f2e90 Implicit null exception at 0x0000018acc4bcb70 to 0x0000018acc4bcbdc
Event: 2.854 Thread 0x0000018abd0f2e90 Exception <a 'java/lang/NoSuchMethodError'{0x00000000915e2788}: 'void java.lang.invoke.DirectMethodHandle$Holder.invokeStatic(java.lang.Object, java.lang.Object, java.lang.Object, java.lang.Object)'> (0x00000000915e2788) 
thrown [s\open\src\hotspot\share\interpreter\linkResolver.cpp, line 759]

VM Operations (16 events):
Event: 0.120 Executing VM operation: HandshakeAllThreads
Event: 0.120 Executing VM operation: HandshakeAllThreads done
Event: 0.212 Executing VM operation: HandshakeAllThreads
Event: 0.212 Executing VM operation: HandshakeAllThreads done
Event: 1.212 Executing VM operation: Cleanup
Event: 1.213 Executing VM operation: Cleanup done
Event: 2.562 Executing VM operation: G1CollectForAllocation
Event: 2.570 Executing VM operation: G1CollectForAllocation done
Event: 2.634 Executing VM operation: HandshakeAllThreads
Event: 2.634 Executing VM operation: HandshakeAllThreads done
Event: 2.643 Executing VM operation: HandshakeAllThreads
Event: 2.643 Executing VM operation: HandshakeAllThreads done
Event: 2.782 Executing VM operation: HandshakeAllThreads
Event: 2.782 Executing VM operation: HandshakeAllThreads done
Event: 2.785 Executing VM operation: HandshakeAllThreads
Event: 2.785 Executing VM operation: HandshakeAllThreads done

Events (20 events):
Event: 2.882 loading class jdk/internal/reflect/UTF8
Event: 2.882 loading class jdk/internal/reflect/UTF8 done
Event: 2.882 loading class jdk/internal/reflect/Label
Event: 2.882 loading class jdk/internal/reflect/Label done
Event: 2.882 loading class jdk/internal/reflect/Label$PatchInfo
Event: 2.882 loading class jdk/internal/reflect/Label$PatchInfo done
Event: 2.883 loading class jdk/internal/reflect/MethodAccessorGenerator$1
Event: 2.883 loading class jdk/internal/reflect/MethodAccessorGenerator$1 done
Event: 2.883 loading class jdk/internal/reflect/ClassDefiner
Event: 2.883 loading class jdk/internal/reflect/ClassDefiner done
Event: 2.883 loading class jdk/internal/reflect/ClassDefiner$1
Event: 2.883 loading class jdk/internal/reflect/ClassDefiner$1 done
Event: 2.883 loading class jdk/internal/reflect/BootstrapConstructorAccessorImpl
Event: 2.883 loading class jdk/internal/reflect/BootstrapConstructorAccessorImpl done
Event: 2.885 loading class sun/reflect/generics/tree/BottomSignature
Event: 2.885 loading class sun/reflect/generics/tree/BottomSignature done
Event: 2.885 loading class sun/reflect/generics/tree/Wildcard
Event: 2.885 loading class sun/reflect/generics/tree/Wildcard done
Event: 2.885 loading class sun/reflect/generics/reflectiveObjects/WildcardTypeImpl
Event: 2.885 loading class sun/reflect/generics/reflectiveObjects/WildcardTypeImpl done


Dynamic libraries:
0x00007ff64def0000 - 0x00007ff64df00000 	C:\Program Files\Java\jdk-17\bin\java.exe
0x00007ffa596b0000 - 0x00007ffa598c7000 	C:\Windows\SYSTEM32\ntdll.dll
0x00007ffa58df0000 - 0x00007ffa58eb4000 	C:\Windows\System32\KERNEL32.DLL
0x00007ffa56f20000 - 0x00007ffa572cd000 	C:\Windows\System32\KERNELBASE.dll
0x00007ffa56b70000 - 0x00007ffa56c81000 	C:\Windows\System32\ucrtbase.dll
0x00007ffa4d5a0000 - 0x00007ffa4d5b9000 	C:\Program Files\Java\jdk-17\bin\jli.dll
0x00007ffa573f0000 - 0x00007ffa574a2000 	C:\Windows\System32\ADVAPI32.dll
0x00007ffa58790000 - 0x00007ffa58837000 	C:\Windows\System32\msvcrt.dll
0x00007ffa58ec0000 - 0x00007ffa58f69000 	C:\Windows\System32\sechost.dll
0x00007ffa4b3a0000 - 0x00007ffa4b3bb000 	C:\Program Files\Java\jdk-17\bin\VCRUNTIME140.dll
0x00007ffa56a80000 - 0x00007ffa56aa8000 	C:\Windows\System32\bcrypt.dll
0x00007ffa580a0000 - 0x00007ffa581b4000 	C:\Windows\System32\RPCRT4.dll
0x00007ffa574b0000 - 0x00007ffa5765e000 	C:\Windows\System32\USER32.dll
0x00007ffa56a50000 - 0x00007ffa56a76000 	C:\Windows\System32\win32u.dll
0x00007ffa58640000 - 0x00007ffa58669000 	C:\Windows\System32\GDI32.dll
0x00007ffa572d0000 - 0x00007ffa573e9000 	C:\Windows\System32\gdi32full.dll
0x00007ffa372b0000 - 0x00007ffa37543000 	C:\Windows\WinSxS\amd64_microsoft.windows.common-controls_6595b64144ccf1df_6.0.22621.3672_none_2713b9d173822955\COMCTL32.dll
0x00007ffa56e00000 - 0x00007ffa56e9a000 	C:\Windows\System32\msvcp_win.dll
0x00007ffa4eca0000 - 0x00007ffa4ecaa000 	C:\Windows\SYSTEM32\VERSION.dll
0x00007ffa58f80000 - 0x00007ffa58fb1000 	C:\Windows\System32\IMM32.DLL
0x00007ffa4b390000 - 0x00007ffa4b39c000 	C:\Program Files\Java\jdk-17\bin\vcruntime140_1.dll
0x00007ffa249f0000 - 0x00007ffa24a7e000 	C:\Program Files\Java\jdk-17\bin\msvcp140.dll
0x00007ff9d2300000 - 0x00007ff9d2ee0000 	C:\Program Files\Java\jdk-17\bin\server\jvm.dll
0x00007ffa58f70000 - 0x00007ffa58f78000 	C:\Windows\System32\PSAPI.DLL
0x00007ffa510d0000 - 0x00007ffa51104000 	C:\Windows\SYSTEM32\WINMM.dll
0x00007ffa4eb20000 - 0x00007ffa4eb29000 	C:\Windows\SYSTEM32\WSOCK32.dll
0x00007ffa59330000 - 0x00007ffa593a1000 	C:\Windows\System32\WS2_32.dll
0x00007ffa559d0000 - 0x00007ffa559e8000 	C:\Windows\SYSTEM32\kernel.appcore.dll
0x00007ffa487d0000 - 0x00007ffa487da000 	C:\Program Files\Java\jdk-17\bin\jimage.dll
0x00007ffa4bf10000 - 0x00007ffa4c142000 	C:\Windows\SYSTEM32\DBGHELP.DLL
0x00007ffa58a60000 - 0x00007ffa58de8000 	C:\Windows\System32\combase.dll
0x00007ffa59050000 - 0x00007ffa59127000 	C:\Windows\System32\OLEAUT32.dll
0x00007ffa47d30000 - 0x00007ffa47d62000 	C:\Windows\SYSTEM32\dbgcore.DLL
0x00007ffa56ea0000 - 0x00007ffa56f1b000 	C:\Windows\System32\bcryptPrimitives.dll
0x00007ffa48340000 - 0x00007ffa48365000 	C:\Program Files\Java\jdk-17\bin\java.dll
0x00007ff9f1630000 - 0x00007ff9f1707000 	C:\Program Files\Java\jdk-17\bin\jsvml.dll
0x00007ffa57660000 - 0x00007ffa57ebf000 	C:\Windows\System32\SHELL32.dll
0x00007ffa548e0000 - 0x00007ffa551dc000 	C:\Windows\SYSTEM32\windows.storage.dll
0x00007ffa547a0000 - 0x00007ffa548df000 	C:\Windows\SYSTEM32\wintypes.dll
0x00007ffa59230000 - 0x00007ffa59324000 	C:\Windows\System32\SHCORE.dll
0x00007ffa586d0000 - 0x00007ffa5872e000 	C:\Windows\System32\shlwapi.dll
0x00007ffa56910000 - 0x00007ffa56931000 	C:\Windows\SYSTEM32\profapi.dll
0x00007ffa3f4a0000 - 0x00007ffa3f4b9000 	C:\Program Files\Java\jdk-17\bin\net.dll
0x00007ffa52880000 - 0x00007ffa529b6000 	C:\Windows\SYSTEM32\WINHTTP.dll
0x00007ffa55e40000 - 0x00007ffa55ea9000 	C:\Windows\system32\mswsock.dll
0x00007ffa3da50000 - 0x00007ffa3da66000 	C:\Program Files\Java\jdk-17\bin\nio.dll
0x00007ffa47ee0000 - 0x00007ffa47ef8000 	C:\Program Files\Java\jdk-17\bin\zip.dll

dbghelp: loaded successfully - version: 4.0.5 - missing functions: none
symbol engine: initialized successfully - sym options: 0x614 - pdb path: .;C:\Program Files\Java\jdk-17\bin;C:\Windows\SYSTEM32;C:\Windows\WinSxS\amd64_microsoft.windows.common-controls_6595b64144ccf1df_6.0.22621.3672_none_2713b9d173822955;C:\Program Files\Java\jdk-17\bin\server

VM Arguments:
jvm_args: -Dfile.encoding=utf8 
java_command: c:\Users\mehul\.vscode\extensions\vscjava.vscode-gradle-3.14.1\lib\gradle-language-server.jar
java_class_path (initial): c:\Users\mehul\.vscode\extensions\vscjava.vscode-gradle-3.14.1\lib\gradle-language-server.jar
Launcher Type: SUN_STANDARD

[Global flags]
     intx CICompilerCount                          = 4                                         {product} {ergonomic}
     uint ConcGCThreads                            = 3                                         {product} {ergonomic}
     uint G1ConcRefinementThreads                  = 10                                        {product} {ergonomic}
   size_t G1HeapRegionSize                         = 1048576                                   {product} {ergonomic}
    uintx GCDrainStackTargetSize                   = 64                                        {product} {ergonomic}
   size_t InitialHeapSize                          = 123731968                                 {product} {ergonomic}
   size_t MarkStackSize                            = 4194304                                   {product} {ergonomic}
   size_t MaxHeapSize                              = 1973420032                                {product} {ergonomic}
   size_t MaxNewSize                               = 1183842304                                {product} {ergonomic}
   size_t MinHeapDeltaBytes                        = 1048576                                   {product} {ergonomic}
   size_t MinHeapSize                              = 8388608                                   {product} {ergonomic}
    uintx NonNMethodCodeHeapSize                   = 5839372                                {pd product} {ergonomic}
    uintx NonProfiledCodeHeapSize                  = 122909434                              {pd product} {ergonomic}
    uintx ProfiledCodeHeapSize                     = 122909434                              {pd product} {ergonomic}
    uintx ReservedCodeCacheSize                    = 251658240                              {pd product} {ergonomic}
     bool SegmentedCodeCache                       = true                                      {product} {ergonomic}
   size_t SoftMaxHeapSize                          = 1973420032                             {manageable} {ergonomic}
     bool UseCompressedClassPointers               = true                           {product lp64_product} {ergonomic}
     bool UseCompressedOops                        = true                           {product lp64_product} {ergonomic}
     bool UseG1GC                                  = true                                      {product} {ergonomic}
     bool UseLargePagesIndividualAllocation        = false                                  {pd product} {ergonomic}

Logging:
Log output configuration:
 #0: stdout all=warning uptime,level,tags
 #1: stderr all=off uptime,level,tags

Environment Variables:
JAVA_HOME=C:\Program Files\Java\jdk-17
PATH=C:\Program Files\Common Files\Oracle\Java\javapath;C:\Program Files (x86)\Common Files\Intel\Shared Libraries\redist\intel64\compiler;C:\Windows\system32;C:\Windows;C:\Windows\System32\Wbem;C:\Windows\System32\WindowsPowerShell\v1.0\;C:\Windows\System32\OpenSSH\;C:\Program Files\Microsoft VS Code\bin;C:\Program Files\Git\cmd;C:\Users\mehul\AppData\Local\Android\Sdk\platform-tools;C:\ProgramData\chocolatey\bin;C:\Program Files\nodejs\;C:\MinGW\bin;C:\Program Files\Apache\maven\bin;C:\Program Files\Java\jdk-17\bin;C:\Users\mehul\AppData\Local\Programs\Python\Python312\Scripts\;C:\Users\mehul\AppData\Local\Programs\Python\Python312\;C:\Users\mehul\.console-ninja\.bin;C:\Users\mehul\AppData\Local\Microsoft\WindowsApps;C:\Users\mehul\AppData\Local\spicetify;C:\Users\mehul\AppData\Local\Android\Sdk\platform-tools;C:\Users\mehul\AppData\Roaming\npm;C:\Users\mehul\AppData\Local\JetBrains\Toolbox\scripts;C:\MinGW\bin;C:\Users\mehul\AppData\Local\GitHubDesktop\bin;
USERNAME=mehul
OS=Windows_NT
PROCESSOR_IDENTIFIER=AMD64 Family 25 Model 80 Stepping 0, AuthenticAMD



---------------  S Y S T E M  ---------------

OS:
 Windows 11 , 64 bit Build 22621 (10.0.22621.3672)
OS uptime: 0 days 5:23 hours
Hyper-V role detected

CPU: total 12 (initial active 12) (12 cores per cpu, 2 threads per core) family 25 model 80 stepping 0 microcode 0x0, cx8, cmov, fxsr, ht, mmx, 3dnowpref, sse, sse2, sse3, ssse3, sse4a, sse4.1, sse4.2, popcnt, lzcnt, tsc, tscinvbit, avx, avx2, aes, erms, clmul, bmi1, bmi2, adx, sha, fma, vzeroupper, clflush, clflushopt, hv

Memory: 4k page, system-wide physical 7521M (449M free)
TotalPageFile size 31073M (AvailPageFile size 6M)
current process WorkingSet (physical memory assigned to process): 88M, peak: 88M
current process commit charge ("private bytes"): 227M, peak: 230M

vm_info: Java HotSpot(TM) 64-Bit Server VM (17.0.11+7-LTS-207) for windows-amd64 JRE (17.0.11+7-LTS-207), built on Mar 11 2024 19:01:50 by "mach5one" with MS VC++ 17.6 (VS2022)

END.
