#
# There is insufficient memory for the Java Runtime Environment to continue.
# Native memory allocation (malloc) failed to allocate 65552 bytes. Error detail: Chunk::new
# Possible reasons:
#   The system is out of physical RAM or swap space
#   This process is running with CompressedOops enabled, and the Java Heap may be blocking the growth of the native heap
# Possible solutions:
#   Reduce memory load on the system
#   Increase physical memory or swap space
#   Check if swap backing store is full
#   Decrease Java heap size (-Xmx/-Xms)
#   Decrease number of Java threads
#   Decrease Java thread stack sizes (-Xss)
#   Set larger code cache with -XX:ReservedCodeCacheSize=
#   JVM is running with Unscaled Compressed Oops mode in which the Java heap is
#     placed in the first 4GB address space. The Java Heap base address is the
#     maximum limit for the native heap growth. Please use -XX:HeapBaseMinAddress
#     to set the Java Heap base and to place the Java Heap above 4GB virtual address.
# This output file may be truncated or incomplete.
#
#  Out of Memory Error (arena.cpp:191), pid=15244, tid=9012
#
# JRE version: OpenJDK Runtime Environment Temurin-17.0.11+9 (17.0.11+9) (build 17.0.11+9)
# Java VM: OpenJDK 64-Bit Server VM Temurin-17.0.11+9 (17.0.11+9, mixed mode, tiered, compressed oops, compressed class ptrs, parallel gc, windows-amd64)
# No core dump will be written. Minidumps are not enabled by default on client versions of Windows
#

---------------  S U M M A R Y ------------

Command Line: --add-modules=ALL-SYSTEM --add-opens=java.base/java.util=ALL-UNNAMED --add-opens=java.base/java.lang=ALL-UNNAMED --add-opens=java.base/sun.nio.fs=ALL-UNNAMED -Declipse.application=org.eclipse.jdt.ls.core.id1 -Dosgi.bundles.defaultStartLevel=4 -Declipse.product=org.eclipse.jdt.ls.core.product -Djava.import.generatesMetadataFilesAtProjectRoot=false -DDetectVMInstallationsJob.disabled=true -Dfile.encoding=utf8 -XX:+UseParallelGC -XX:GCTimeRatio=4 -XX:AdaptiveSizePolicyWeight=90 -Dsun.zip.disableMemoryMapping=true -Xmx1G -Xms100m -Xlog:disable -javaagent:c:\Users\mehul\.vscode\extensions\redhat.java-1.32.0-win32-x64\lombok\lombok-1.18.33.jar -XX:+HeapDumpOnOutOfMemoryError -XX:HeapDumpPath=c:\Users\mehul\AppData\Roaming\Code\User\workspaceStorage\393162e2befb5a9d980e74c757908502\redhat.java -Daether.dependencyCollector.impl=bf c:\Users\mehul\.vscode\extensions\redhat.java-1.32.0-win32-x64\server\plugins\org.eclipse.equinox.launcher_1.6.900.v20240613-2009.jar -configuration c:\Users\mehul\AppData\Roaming\Code\User\globalStorage\redhat.java\1.32.0\config_win -data c:\Users\mehul\AppData\Roaming\Code\User\workspaceStorage\393162e2befb5a9d980e74c757908502\redhat.java\jdt_ws --pipe=\\.\pipe\lsp-028cfc30844823c6bec5ff39c7b12615-sock

Host: AMD Ryzen 5 5600H with Radeon Graphics         , 12 cores, 7G,  Windows 11 , 64 bit Build 22621 (10.0.22621.3672)
Time: Mon Jul  1 17:10:39 2024 India Standard Time elapsed time: 18.259945 seconds (0d 0h 0m 18s)

---------------  T H R E A D  ---------------

Current thread (0x00000295fb1cf6d0):  JavaThread "C2 CompilerThread0" daemon [_thread_in_native, id=9012, stack(0x000000d138400000,0x000000d138500000)]


Current CompileTask:
C2:  18260 2601       4       jdk.internal.jimage.ImageLocation::verify (218 bytes)

Stack: [0x000000d138400000,0x000000d138500000]
Native frames: (J=compiled Java code, j=interpreted, Vv=VM code, C=native code)
V  [jvm.dll+0x67d429]
V  [jvm.dll+0x834b7a]
V  [jvm.dll+0x83663e]
V  [jvm.dll+0x836ca3]
V  [jvm.dll+0x247dbf]
V  [jvm.dll+0xac534]
V  [jvm.dll+0xacb7c]
V  [jvm.dll+0x6a2622]
V  [jvm.dll+0x6a2a63]
V  [jvm.dll+0x6a4702]
V  [jvm.dll+0x6a302a]
V  [jvm.dll+0x222dc9]
V  [jvm.dll+0x21c090]
V  [jvm.dll+0x2197a1]
V  [jvm.dll+0x1a534d]
V  [jvm.dll+0x2295cd]
V  [jvm.dll+0x22779c]
V  [jvm.dll+0x7e9d07]
V  [jvm.dll+0x7e410a]
V  [jvm.dll+0x67c315]
C  [ucrtbase.dll+0x29333]
C  [KERNEL32.DLL+0x1257d]
C  [ntdll.dll+0x5af28]


---------------  P R O C E S S  ---------------

Threads class SMR info:
_java_thread_list=0x00000295fd584960, length=19, elements={
0x00000295e220f9b0, 0x00000295f6094030, 0x00000295f60975f0, 0x00000295fb1cc330,
0x00000295fb1cce60, 0x00000295fb1cdbf0, 0x00000295fb1ce820, 0x00000295fb1cf6d0,
0x00000295fb1f6d10, 0x00000295fb209a30, 0x00000295fb2e1650, 0x00000295fb48faa0,
0x00000295fb25a2e0, 0x00000295fb25a7f0, 0x00000295fb25b720, 0x00000295fb25bc30,
0x00000295fb25ad00, 0x00000295fb2598c0, 0x00000295fb25c140
}

Java Threads: ( => current thread )
  0x00000295e220f9b0 JavaThread "main" [_thread_blocked, id=7688, stack(0x000000d137b00000,0x000000d137c00000)]
  0x00000295f6094030 JavaThread "Reference Handler" daemon [_thread_blocked, id=16480, stack(0x000000d137e00000,0x000000d137f00000)]
  0x00000295f60975f0 JavaThread "Finalizer" daemon [_thread_blocked, id=13728, stack(0x000000d137f00000,0x000000d138000000)]
  0x00000295fb1cc330 JavaThread "Signal Dispatcher" daemon [_thread_blocked, id=18868, stack(0x000000d138000000,0x000000d138100000)]
  0x00000295fb1cce60 JavaThread "Attach Listener" daemon [_thread_blocked, id=4036, stack(0x000000d138100000,0x000000d138200000)]
  0x00000295fb1cdbf0 JavaThread "Service Thread" daemon [_thread_blocked, id=15876, stack(0x000000d138200000,0x000000d138300000)]
  0x00000295fb1ce820 JavaThread "Monitor Deflation Thread" daemon [_thread_blocked, id=17876, stack(0x000000d138300000,0x000000d138400000)]
=>0x00000295fb1cf6d0 JavaThread "C2 CompilerThread0" daemon [_thread_in_native, id=9012, stack(0x000000d138400000,0x000000d138500000)]
  0x00000295fb1f6d10 JavaThread "C1 CompilerThread0" daemon [_thread_in_native, id=18232, stack(0x000000d138500000,0x000000d138600000)]
  0x00000295fb209a30 JavaThread "Sweeper thread" daemon [_thread_blocked, id=17088, stack(0x000000d138600000,0x000000d138700000)]
  0x00000295fb2e1650 JavaThread "Common-Cleaner" daemon [_thread_blocked, id=15140, stack(0x000000d138700000,0x000000d138800000)]
  0x00000295fb48faa0 JavaThread "Notification Thread" daemon [_thread_blocked, id=15544, stack(0x000000d138800000,0x000000d138900000)]
  0x00000295fb25a2e0 JavaThread "Active Thread: Equinox Container: d211e809-b2c8-479e-b474-8380e3fb5fd2" [_thread_blocked, id=2004, stack(0x000000d139000000,0x000000d139100000)]
  0x00000295fb25a7f0 JavaThread "Framework Event Dispatcher: Equinox Container: d211e809-b2c8-479e-b474-8380e3fb5fd2" daemon [_thread_blocked, id=16740, stack(0x000000d139100000,0x000000d139200000)]
  0x00000295fb25b720 JavaThread "Start Level: Equinox Container: d211e809-b2c8-479e-b474-8380e3fb5fd2" daemon [_thread_in_Java, id=10284, stack(0x000000d139200000,0x000000d139300000)]
  0x00000295fb25bc30 JavaThread "Bundle File Closer" daemon [_thread_blocked, id=9084, stack(0x000000d139400000,0x000000d139500000)]
  0x00000295fb25ad00 JavaThread "SCR Component Actor" daemon [_thread_blocked, id=21816, stack(0x000000d139600000,0x000000d139700000)]
  0x00000295fb2598c0 JavaThread "SCR Component Registry" daemon [_thread_blocked, id=21808, stack(0x000000d139700000,0x000000d139800000)]
  0x00000295fb25c140 JavaThread "Worker-JM" [_thread_blocked, id=22180, stack(0x000000d139800000,0x000000d139900000)]

Other Threads:
  0x00000295e22becd0 VMThread "VM Thread" [stack: 0x000000d137d00000,0x000000d137e00000] [id=18340]
  0x00000295fb4913c0 WatcherThread [stack: 0x000000d138900000,0x000000d138a00000] [id=17192]
  0x00000295e2226cb0 GCTaskThread "GC Thread#0" [stack: 0x000000d137c00000,0x000000d137d00000] [id=17260]
  0x00000295fd125010 GCTaskThread "GC Thread#1" [stack: 0x000000d138a00000,0x000000d138b00000] [id=10324]
  0x00000295fd38ec10 GCTaskThread "GC Thread#2" [stack: 0x000000d138b00000,0x000000d138c00000] [id=9872]
  0x00000295fd38eed0 GCTaskThread "GC Thread#3" [stack: 0x000000d138c00000,0x000000d138d00000] [id=6036]
  0x00000295fd38f3a0 GCTaskThread "GC Thread#4" [stack: 0x000000d138d00000,0x000000d138e00000] [id=21416]
  0x00000295fd1277c0 GCTaskThread "GC Thread#5" [stack: 0x000000d138e00000,0x000000d138f00000] [id=15396]
  0x00000295fd127a80 GCTaskThread "GC Thread#6" [stack: 0x000000d138f00000,0x000000d139000000] [id=1848]
  0x00000295fc94e2f0 GCTaskThread "GC Thread#7" [stack: 0x000000d139300000,0x000000d139400000] [id=12840]
  0x00000295fd4dfa40 GCTaskThread "GC Thread#8" [stack: 0x000000d139500000,0x000000d139600000] [id=22100]
  0x00000295fd5addf0 GCTaskThread "GC Thread#9" [stack: 0x000000d139900000,0x000000d139a00000] [id=22176]

Threads with active compile tasks:
C2 CompilerThread0    18285 2601       4       jdk.internal.jimage.ImageLocation::verify (218 bytes)
C1 CompilerThread0    18285 2667       3       sun.util.locale.LocaleUtils::toTitleString (139 bytes)

VM state: not at safepoint (normal execution)

VM Mutex/Monitor currently owned by a thread: None

OutOfMemory and StackOverflow Exception counts:
OutOfMemoryError java_heap_errors=1
LinkageErrors=29

Heap address: 0x00000000c0000000, size: 1024 MB, Compressed Oops mode: 32-bit

CDS archive(s) not mapped
Compressed class space mapped at: 0x0000000100000000-0x0000000140000000, reserved size: 1073741824
Narrow klass base: 0x0000000000000000, Narrow klass shift: 3, Narrow klass range: 0x140000000

GC Precious Log:
 CPUs: 12 total, 12 available
 Memory: 7521M
 Large Page Support: Disabled
 NUMA Support: Disabled
 Compressed Oops: Enabled (32-bit)
 Alignments: Space 512K, Generation 512K, Heap 2M
 Heap Min Capacity: 100M
 Heap Initial Capacity: 100M
 Heap Max Capacity: 1G
 Pre-touch: Disabled
 Parallel Workers: 10

Heap:
 PSYoungGen      total 29696K, used 3484K [0x00000000eab00000, 0x00000000ece00000, 0x0000000100000000)
  eden space 25600K, 13% used [0x00000000eab00000,0x00000000eae67150,0x00000000ec400000)
  from space 4096K, 0% used [0x00000000ec400000,0x00000000ec400000,0x00000000ec800000)
  to   space 5120K, 0% used [0x00000000ec900000,0x00000000ec900000,0x00000000ece00000)
 ParOldGen       total 68608K, used 10575K [0x00000000c0000000, 0x00000000c4300000, 0x00000000eab00000)
  object space 68608K, 15% used [0x00000000c0000000,0x00000000c0a53ca8,0x00000000c4300000)
 Metaspace       used 21453K, committed 21888K, reserved 1114112K
  class space    used 2176K, committed 2368K, reserved 1048576K

Card table byte_map: [0x00000295e1bd0000,0x00000295e1de0000] _byte_map_base: 0x00000295e15d0000

Marking Bits: (ParMarkBitMap*) 0x00007ffe9ff1d820
 Begin Bits: [0x00000295f3ea0000, 0x00000295f4ea0000)
 End Bits:   [0x00000295f4ea0000, 0x00000295f5ea0000)

Polling page: 0x00000295e19c0000

Metaspace:

Usage:
  Non-class:     18.83 MB used.
      Class:      2.13 MB used.
       Both:     20.95 MB used.

Virtual space:
  Non-class space:       64.00 MB reserved,      19.06 MB ( 30%) committed,  1 nodes.
      Class space:        1.00 GB reserved,       2.31 MB ( <1%) committed,  1 nodes.
             Both:        1.06 GB reserved,      21.38 MB (  2%) committed. 

Chunk freelists:
   Non-Class:  12.53 MB
       Class:  13.66 MB
        Both:  26.19 MB

MaxMetaspaceSize: unlimited
CompressedClassSpaceSize: 1.00 GB
Initial GC threshold: 21.00 MB
Current GC threshold: 35.00 MB
CDS: off
MetaspaceReclaimPolicy: balanced
 - commit_granule_bytes: 65536.
 - commit_granule_words: 8192.
 - virtual_space_node_default_size: 8388608.
 - enlarge_chunks_in_place: 1.
 - new_chunks_are_fully_committed: 0.
 - uncommit_free_chunks: 1.
 - use_allocation_guard: 0.
 - handle_deallocations: 1.


Internal statistics:

num_allocs_failed_limit: 3.
num_arena_births: 250.
num_arena_deaths: 14.
num_vsnodes_births: 2.
num_vsnodes_deaths: 0.
num_space_committed: 342.
num_space_uncommitted: 0.
num_chunks_returned_to_freelist: 17.
num_chunks_taken_from_freelist: 712.
num_chunk_merges: 8.
num_chunk_splits: 454.
num_chunks_enlarged: 314.
num_inconsistent_stats: 0.

CodeHeap 'non-profiled nmethods': size=120000Kb used=1070Kb max_used=1070Kb free=118929Kb
 bounds [0x00000295ec970000, 0x00000295ecbe0000, 0x00000295f3ea0000]
CodeHeap 'profiled nmethods': size=120000Kb used=5440Kb max_used=5440Kb free=114559Kb
 bounds [0x00000295e4ea0000, 0x00000295e5400000, 0x00000295ec3d0000]
CodeHeap 'non-nmethods': size=5760Kb used=1186Kb max_used=1204Kb free=4573Kb
 bounds [0x00000295ec3d0000, 0x00000295ec640000, 0x00000295ec970000]
 total_blobs=3140 nmethods=2653 adapters=401
 compilation: enabled
              stopped_count=0, restarted_count=0
 full_count=0

Compilation events (20 events):
Event: 18.238 Thread 0x00000295fb1f6d10 nmethod 2595 0x00000295e53cce10 code [0x00000295e53ccfe0, 0x00000295e53cd2d8]
Event: 18.238 Thread 0x00000295fb1f6d10 2596       3       java.lang.invoke.MemberName::hashCode (43 bytes)
Event: 18.238 Thread 0x00000295fb1f6d10 nmethod 2596 0x00000295e53cd410 code [0x00000295e53cd660, 0x00000295e53ce208]
Event: 18.239 Thread 0x00000295fb1f6d10 2597       3       java.util.Objects::hash (5 bytes)
Event: 18.239 Thread 0x00000295fb1f6d10 nmethod 2597 0x00000295e53ce590 code [0x00000295e53ce720, 0x00000295e53ce828]
Event: 18.241 Thread 0x00000295fb1cf6d0 nmethod 2587 0x00000295eca78690 code [0x00000295eca78840, 0x00000295eca78b78]
Event: 18.241 Thread 0x00000295fb1f6d10 2598       3       org.eclipse.osgi.internal.hooks.EclipseLazyStarter::shouldActivateFor (123 bytes)
Event: 18.242 Thread 0x00000295fb1f6d10 nmethod 2598 0x00000295e53ce910 code [0x00000295e53ceb80, 0x00000295e53cf6e8]
Event: 18.244 Thread 0x00000295fb1cf6d0 2599       4       java.lang.ref.Reference::refersTo (6 bytes)
Event: 18.245 Thread 0x00000295fb1cf6d0 nmethod 2599 0x00000295eca78e90 code [0x00000295eca79000, 0x00000295eca79098]
Event: 18.247 Thread 0x00000295fb1cf6d0 2600       4       org.eclipse.osgi.internal.hookregistry.ClassLoaderHook::preFindLocalClass (1 bytes)
Event: 18.247 Thread 0x00000295fb1cf6d0 nmethod 2600 0x00000295eca79190 code [0x00000295eca79300, 0x00000295eca79378]
Event: 18.247 Thread 0x00000295fb1cf6d0 2601       4       jdk.internal.jimage.ImageLocation::verify (218 bytes)
Event: 18.247 Thread 0x00000295fb1f6d10 2602       3       java.util.Properties::loadConvert (540 bytes)
Event: 18.249 Thread 0x00000295fb1f6d10 nmethod 2602 0x00000295e53cfb10 code [0x00000295e53cfe00, 0x00000295e53d1218]
Event: 18.254 Thread 0x00000295fb1f6d10 2604       3       java.lang.invoke.LambdaFormEditor$TransformKey::bval (26 bytes)
Event: 18.254 Thread 0x00000295fb1f6d10 nmethod 2604 0x00000295e53d1890 code [0x00000295e53d1a20, 0x00000295e53d1b18]
Event: 18.258 Thread 0x00000295fb1f6d10 2607       3       sun.invoke.util.Wrapper::isSubwordOrInt (20 bytes)
Event: 18.258 Thread 0x00000295fb1f6d10 nmethod 2607 0x00000295e53d1b90 code [0x00000295e53d1d40, 0x00000295e53d2158]
Event: 18.258 Thread 0x00000295fb1f6d10 2608       3       sun.invoke.util.Wrapper::isIntegral (23 bytes)

GC Heap History (12 events):
Event: 1.243 GC heap before
{Heap before GC invocations=1 (full 0):
 PSYoungGen      total 29696K, used 25600K [0x00000000eab00000, 0x00000000ecc00000, 0x0000000100000000)
  eden space 25600K, 100% used [0x00000000eab00000,0x00000000ec400000,0x00000000ec400000)
  from space 4096K, 0% used [0x00000000ec800000,0x00000000ec800000,0x00000000ecc00000)
  to   space 4096K, 0% used [0x00000000ec400000,0x00000000ec400000,0x00000000ec800000)
 ParOldGen       total 68608K, used 0K [0x00000000c0000000, 0x00000000c4300000, 0x00000000eab00000)
  object space 68608K, 0% used [0x00000000c0000000,0x00000000c0000000,0x00000000c4300000)
 Metaspace       used 10968K, committed 11200K, reserved 1114112K
  class space    used 1090K, committed 1216K, reserved 1048576K
}
Event: 1.253 GC heap after
{Heap after GC invocations=1 (full 0):
 PSYoungGen      total 29696K, used 3156K [0x00000000eab00000, 0x00000000ecc00000, 0x0000000100000000)
  eden space 25600K, 0% used [0x00000000eab00000,0x00000000eab00000,0x00000000ec400000)
  from space 4096K, 77% used [0x00000000ec400000,0x00000000ec715288,0x00000000ec800000)
  to   space 4096K, 0% used [0x00000000ec800000,0x00000000ec800000,0x00000000ecc00000)
 ParOldGen       total 68608K, used 16K [0x00000000c0000000, 0x00000000c4300000, 0x00000000eab00000)
  object space 68608K, 0% used [0x00000000c0000000,0x00000000c0004000,0x00000000c4300000)
 Metaspace       used 10968K, committed 11200K, reserved 1114112K
  class space    used 1090K, committed 1216K, reserved 1048576K
}
Event: 7.662 GC heap before
{Heap before GC invocations=2 (full 0):
 PSYoungGen      total 29696K, used 28756K [0x00000000eab00000, 0x00000000ecc00000, 0x0000000100000000)
  eden space 25600K, 100% used [0x00000000eab00000,0x00000000ec400000,0x00000000ec400000)
  from space 4096K, 77% used [0x00000000ec400000,0x00000000ec715288,0x00000000ec800000)
  to   space 4096K, 0% used [0x00000000ec800000,0x00000000ec800000,0x00000000ecc00000)
 ParOldGen       total 68608K, used 16K [0x00000000c0000000, 0x00000000c4300000, 0x00000000eab00000)
  object space 68608K, 0% used [0x00000000c0000000,0x00000000c0004000,0x00000000c4300000)
 Metaspace       used 14542K, committed 14784K, reserved 1114112K
  class space    used 1448K, committed 1536K, reserved 1048576K
}
Event: 7.670 GC heap after
{Heap after GC invocations=2 (full 0):
 PSYoungGen      total 29696K, used 4084K [0x00000000eab00000, 0x00000000ecc00000, 0x0000000100000000)
  eden space 25600K, 0% used [0x00000000eab00000,0x00000000eab00000,0x00000000ec400000)
  from space 4096K, 99% used [0x00000000ec800000,0x00000000ecbfd268,0x00000000ecc00000)
  to   space 4096K, 0% used [0x00000000ec400000,0x00000000ec400000,0x00000000ec800000)
 ParOldGen       total 68608K, used 1480K [0x00000000c0000000, 0x00000000c4300000, 0x00000000eab00000)
  object space 68608K, 2% used [0x00000000c0000000,0x00000000c0172260,0x00000000c4300000)
 Metaspace       used 14542K, committed 14784K, reserved 1114112K
  class space    used 1448K, committed 1536K, reserved 1048576K
}
Event: 17.602 GC heap before
{Heap before GC invocations=3 (full 0):
 PSYoungGen      total 29696K, used 29684K [0x00000000eab00000, 0x00000000ecc00000, 0x0000000100000000)
  eden space 25600K, 100% used [0x00000000eab00000,0x00000000ec400000,0x00000000ec400000)
  from space 4096K, 99% used [0x00000000ec800000,0x00000000ecbfd268,0x00000000ecc00000)
  to   space 4096K, 0% used [0x00000000ec400000,0x00000000ec400000,0x00000000ec800000)
 ParOldGen       total 68608K, used 1480K [0x00000000c0000000, 0x00000000c4300000, 0x00000000eab00000)
  object space 68608K, 2% used [0x00000000c0000000,0x00000000c0172260,0x00000000c4300000)
 Metaspace       used 16012K, committed 16256K, reserved 1114112K
  class space    used 1605K, committed 1728K, reserved 1048576K
}
Event: 17.611 GC heap after
{Heap after GC invocations=3 (full 0):
 PSYoungGen      total 29696K, used 4070K [0x00000000eab00000, 0x00000000ecc00000, 0x0000000100000000)
  eden space 25600K, 0% used [0x00000000eab00000,0x00000000eab00000,0x00000000ec400000)
  from space 4096K, 99% used [0x00000000ec400000,0x00000000ec7f98c0,0x00000000ec800000)
  to   space 4096K, 0% used [0x00000000ec800000,0x00000000ec800000,0x00000000ecc00000)
 ParOldGen       total 68608K, used 5341K [0x00000000c0000000, 0x00000000c4300000, 0x00000000eab00000)
  object space 68608K, 7% used [0x00000000c0000000,0x00000000c05374b0,0x00000000c4300000)
 Metaspace       used 16012K, committed 16256K, reserved 1114112K
  class space    used 1605K, committed 1728K, reserved 1048576K
}
Event: 18.103 GC heap before
{Heap before GC invocations=4 (full 0):
 PSYoungGen      total 29696K, used 29670K [0x00000000eab00000, 0x00000000ecc00000, 0x0000000100000000)
  eden space 25600K, 100% used [0x00000000eab00000,0x00000000ec400000,0x00000000ec400000)
  from space 4096K, 99% used [0x00000000ec400000,0x00000000ec7f98c0,0x00000000ec800000)
  to   space 4096K, 0% used [0x00000000ec800000,0x00000000ec800000,0x00000000ecc00000)
 ParOldGen       total 68608K, used 5341K [0x00000000c0000000, 0x00000000c4300000, 0x00000000eab00000)
  object space 68608K, 7% used [0x00000000c0000000,0x00000000c05374b0,0x00000000c4300000)
 Metaspace       used 20602K, committed 21056K, reserved 1114112K
  class space    used 2084K, committed 2304K, reserved 1048576K
}
Event: 18.107 GC heap after
{Heap after GC invocations=4 (full 0):
 PSYoungGen      total 29696K, used 4090K [0x00000000eab00000, 0x00000000ecc00000, 0x0000000100000000)
  eden space 25600K, 0% used [0x00000000eab00000,0x00000000eab00000,0x00000000ec400000)
  from space 4096K, 99% used [0x00000000ec800000,0x00000000ecbfe920,0x00000000ecc00000)
  to   space 4096K, 0% used [0x00000000ec400000,0x00000000ec400000,0x00000000ec800000)
 ParOldGen       total 68608K, used 6321K [0x00000000c0000000, 0x00000000c4300000, 0x00000000eab00000)
  object space 68608K, 9% used [0x00000000c0000000,0x00000000c062c440,0x00000000c4300000)
 Metaspace       used 20602K, committed 21056K, reserved 1114112K
  class space    used 2084K, committed 2304K, reserved 1048576K
}
Event: 18.184 GC heap before
{Heap before GC invocations=5 (full 0):
 PSYoungGen      total 29696K, used 7935K [0x00000000eab00000, 0x00000000ecc00000, 0x0000000100000000)
  eden space 25600K, 15% used [0x00000000eab00000,0x00000000eaec1528,0x00000000ec400000)
  from space 4096K, 99% used [0x00000000ec800000,0x00000000ecbfe920,0x00000000ecc00000)
  to   space 4096K, 0% used [0x00000000ec400000,0x00000000ec400000,0x00000000ec800000)
 ParOldGen       total 68608K, used 6321K [0x00000000c0000000, 0x00000000c4300000, 0x00000000eab00000)
  object space 68608K, 9% used [0x00000000c0000000,0x00000000c062c440,0x00000000c4300000)
 Metaspace       used 21081K, committed 21504K, reserved 1114112K
  class space    used 2136K, committed 2304K, reserved 1048576K
}
Event: 18.187 GC heap after
{Heap after GC invocations=5 (full 0):
 PSYoungGen      total 29696K, used 4066K [0x00000000eab00000, 0x00000000ece00000, 0x0000000100000000)
  eden space 25600K, 0% used [0x00000000eab00000,0x00000000eab00000,0x00000000ec400000)
  from space 4096K, 99% used [0x00000000ec400000,0x00000000ec7f89c8,0x00000000ec800000)
  to   space 5120K, 0% used [0x00000000ec900000,0x00000000ec900000,0x00000000ece00000)
 ParOldGen       total 68608K, used 6801K [0x00000000c0000000, 0x00000000c4300000, 0x00000000eab00000)
  object space 68608K, 9% used [0x00000000c0000000,0x00000000c06a4400,0x00000000c4300000)
 Metaspace       used 21081K, committed 21504K, reserved 1114112K
  class space    used 2136K, committed 2304K, reserved 1048576K
}
Event: 18.187 GC heap before
{Heap before GC invocations=6 (full 1):
 PSYoungGen      total 29696K, used 4066K [0x00000000eab00000, 0x00000000ece00000, 0x0000000100000000)
  eden space 25600K, 0% used [0x00000000eab00000,0x00000000eab00000,0x00000000ec400000)
  from space 4096K, 99% used [0x00000000ec400000,0x00000000ec7f89c8,0x00000000ec800000)
  to   space 5120K, 0% used [0x00000000ec900000,0x00000000ec900000,0x00000000ece00000)
 ParOldGen       total 68608K, used 6801K [0x00000000c0000000, 0x00000000c4300000, 0x00000000eab00000)
  object space 68608K, 9% used [0x00000000c0000000,0x00000000c06a4400,0x00000000c4300000)
 Metaspace       used 21081K, committed 21504K, reserved 1114112K
  class space    used 2136K, committed 2304K, reserved 1048576K
}
Event: 18.220 GC heap after
{Heap after GC invocations=6 (full 1):
 PSYoungGen      total 29696K, used 0K [0x00000000eab00000, 0x00000000ece00000, 0x0000000100000000)
  eden space 25600K, 0% used [0x00000000eab00000,0x00000000eab00000,0x00000000ec400000)
  from space 4096K, 0% used [0x00000000ec400000,0x00000000ec400000,0x00000000ec800000)
  to   space 5120K, 0% used [0x00000000ec900000,0x00000000ec900000,0x00000000ece00000)
 ParOldGen       total 68608K, used 10575K [0x00000000c0000000, 0x00000000c4300000, 0x00000000eab00000)
  object space 68608K, 15% used [0x00000000c0000000,0x00000000c0a53ca8,0x00000000c4300000)
 Metaspace       used 21068K, committed 21504K, reserved 1114112K
  class space    used 2132K, committed 2304K, reserved 1048576K
}

Dll operation events (9 events):
Event: 0.086 Loaded shared library c:\Users\mehul\.vscode\extensions\redhat.java-1.32.0-win32-x64\jre\17.0.11-win32-x86_64\bin\java.dll
Event: 0.395 Loaded shared library c:\Users\mehul\.vscode\extensions\redhat.java-1.32.0-win32-x64\jre\17.0.11-win32-x86_64\bin\zip.dll
Event: 0.408 Loaded shared library C:\Users\mehul\.vscode\extensions\redhat.java-1.32.0-win32-x64\jre\17.0.11-win32-x86_64\bin\instrument.dll
Event: 0.440 Loaded shared library C:\Users\mehul\.vscode\extensions\redhat.java-1.32.0-win32-x64\jre\17.0.11-win32-x86_64\bin\net.dll
Event: 0.442 Loaded shared library C:\Users\mehul\.vscode\extensions\redhat.java-1.32.0-win32-x64\jre\17.0.11-win32-x86_64\bin\nio.dll
Event: 0.450 Loaded shared library C:\Users\mehul\.vscode\extensions\redhat.java-1.32.0-win32-x64\jre\17.0.11-win32-x86_64\bin\zip.dll
Event: 0.468 Loaded shared library C:\Users\mehul\.vscode\extensions\redhat.java-1.32.0-win32-x64\jre\17.0.11-win32-x86_64\bin\jimage.dll
Event: 0.538 Loaded shared library c:\Users\mehul\.vscode\extensions\redhat.java-1.32.0-win32-x64\jre\17.0.11-win32-x86_64\bin\verify.dll
Event: 8.403 Loaded shared library C:\Users\mehul\AppData\Roaming\Code\User\globalStorage\redhat.java\1.32.0\config_win\org.eclipse.equinox.launcher\org.eclipse.equinox.launcher.win32.win32.x86_64_1.2.1100.v20240613-2013\eclipse_11903.dll

Deoptimization events (20 events):
Event: 17.878 Thread 0x00000295fb25b720 Uncommon trap: trap_request=0xffffffde fr.pc=0x00000295eca1410c relative=0x000000000000034c
Event: 17.878 Thread 0x00000295fb25b720 Uncommon trap: reason=class_check action=maybe_recompile pc=0x00000295eca1410c method=java.io.DataInputStream.readUnsignedShort()I @ 6 c2
Event: 17.878 Thread 0x00000295fb25b720 DEOPT PACKING pc=0x00000295eca1410c sp=0x000000d1392fba30
Event: 17.878 Thread 0x00000295fb25b720 DEOPT UNPACKING pc=0x00000295ec4266a3 sp=0x000000d1392fb9e8 mode 2
Event: 17.954 Thread 0x00000295fb25b720 Uncommon trap: trap_request=0xffffffcc fr.pc=0x00000295eca640f8 relative=0x00000000000001d8
Event: 17.954 Thread 0x00000295fb25b720 Uncommon trap: reason=intrinsic_or_type_checked_inlining action=make_not_entrant pc=0x00000295eca640f8 method=java.util.Arrays.copyOf([Ljava/lang/Object;ILjava/lang/Class;)[Ljava/lang/Object; @ 35 c2
Event: 17.954 Thread 0x00000295fb25b720 DEOPT PACKING pc=0x00000295eca640f8 sp=0x000000d1392fe090
Event: 17.954 Thread 0x00000295fb25b720 DEOPT UNPACKING pc=0x00000295ec4266a3 sp=0x000000d1392fe020 mode 2
Event: 18.123 Thread 0x00000295fb25b720 Uncommon trap: trap_request=0xffffffc6 fr.pc=0x00000295eca44bbc relative=0x0000000000000d1c
Event: 18.123 Thread 0x00000295fb25b720 Uncommon trap: reason=bimorphic_or_optimized_type_check action=maybe_recompile pc=0x00000295eca44bbc method=java.util.Properties$LineReader.readLine()I @ 479 c2
Event: 18.123 Thread 0x00000295fb25b720 DEOPT PACKING pc=0x00000295eca44bbc sp=0x000000d1392f90e0
Event: 18.123 Thread 0x00000295fb25b720 DEOPT UNPACKING pc=0x00000295ec4266a3 sp=0x000000d1392f9070 mode 2
Event: 18.247 Thread 0x00000295fb25b720 Uncommon trap: trap_request=0xffffff45 fr.pc=0x00000295eca3b248 relative=0x0000000000000fa8
Event: 18.247 Thread 0x00000295fb25b720 Uncommon trap: reason=unstable_if action=reinterpret pc=0x00000295eca3b248 method=java.util.Properties.loadConvert([CIILjava/lang/StringBuilder;)Ljava/lang/String; @ 491 c2
Event: 18.247 Thread 0x00000295fb25b720 DEOPT PACKING pc=0x00000295eca3b248 sp=0x000000d1392f7eb0
Event: 18.247 Thread 0x00000295fb25b720 DEOPT UNPACKING pc=0x00000295ec4266a3 sp=0x000000d1392f7e90 mode 2
Event: 18.248 Thread 0x00000295fb25b720 Uncommon trap: trap_request=0xffffffc6 fr.pc=0x00000295eca44bbc relative=0x0000000000000d1c
Event: 18.248 Thread 0x00000295fb25b720 Uncommon trap: reason=bimorphic_or_optimized_type_check action=maybe_recompile pc=0x00000295eca44bbc method=java.util.Properties$LineReader.readLine()I @ 479 c2
Event: 18.248 Thread 0x00000295fb25b720 DEOPT PACKING pc=0x00000295eca44bbc sp=0x000000d1392f7ee0
Event: 18.248 Thread 0x00000295fb25b720 DEOPT UNPACKING pc=0x00000295ec4266a3 sp=0x000000d1392f7e70 mode 2

Classes unloaded (7 events):
Event: 18.191 Thread 0x00000295e22becd0 Unloading class 0x0000000100248400 'java/lang/invoke/LambdaForm$MH+0x0000000100248400'
Event: 18.191 Thread 0x00000295e22becd0 Unloading class 0x0000000100248000 'java/lang/invoke/LambdaForm$MH+0x0000000100248000'
Event: 18.191 Thread 0x00000295e22becd0 Unloading class 0x0000000100247c00 'java/lang/invoke/LambdaForm$MH+0x0000000100247c00'
Event: 18.191 Thread 0x00000295e22becd0 Unloading class 0x0000000100247800 'java/lang/invoke/LambdaForm$MH+0x0000000100247800'
Event: 18.191 Thread 0x00000295e22becd0 Unloading class 0x0000000100247400 'java/lang/invoke/LambdaForm$BMH+0x0000000100247400'
Event: 18.191 Thread 0x00000295e22becd0 Unloading class 0x0000000100247000 'java/lang/invoke/LambdaForm$DMH+0x0000000100247000'
Event: 18.191 Thread 0x00000295e22becd0 Unloading class 0x0000000100244400 'java/lang/invoke/LambdaForm$DMH+0x0000000100244400'

Classes redefined (0 events):
No events

Internal exceptions (20 events):
Event: 7.705 Thread 0x00000295fb25b720 Exception <a 'java/lang/NoSuchMethodError'{0x00000000eac62118}: 'java.lang.Object java.lang.invoke.DirectMethodHandle$Holder.invokeSpecial(java.lang.Object, java.lang.Object, java.lang.Object, int, java.lang.Object)'> (0x00000000eac62118) 
thrown [s\src\hotspot\share\interpreter\linkResolver.cpp, line 759]
Event: 7.797 Thread 0x00000295fb25b720 Exception <a 'java/lang/ClassNotFoundException'{0x00000000eae90c80}: sun/util/logging/resources/spi/loggingProvider> (0x00000000eae90c80) 
thrown [s\src\hotspot\share\classfile\systemDictionary.cpp, line 256]
Event: 17.658 Thread 0x00000295fb25b720 Exception <a 'java/lang/NullPointerException'{0x00000000eadbb2b8}> (0x00000000eadbb2b8) 
thrown [s\src\hotspot\share\interpreter\linkResolver.cpp, line 1350]
Event: 17.658 Thread 0x00000295fb25b720 Exception <a 'java/lang/NullPointerException'{0x00000000eadbb590}> (0x00000000eadbb590) 
thrown [s\src\hotspot\share\interpreter\linkResolver.cpp, line 1350]
Event: 17.871 Thread 0x00000295fb25b720 Exception <a 'java/io/FileNotFoundException'{0x00000000eb96a4f8}> (0x00000000eb96a4f8) 
thrown [s\src\hotspot\share\prims\jni.cpp, line 516]
Event: 17.970 Thread 0x00000295fb25b720 Exception <a 'java/lang/NoSuchMethodError'{0x00000000ebcfe7c8}: 'java.lang.Object java.lang.invoke.Invokers$Holder.invokeExact_MT(java.lang.Object, java.lang.Object, java.lang.Object, java.lang.Object, java.lang.Object, java.lang.Object)'> (0x00000000ebcfe7c8) 
thrown [s\src\hotspot\share\interpreter\linkResolver.cpp, line 759]
Event: 18.018 Thread 0x00000295fb25b720 Exception <a 'java/lang/NoSuchMethodError'{0x00000000ebe42ca0}: 'java.lang.Object java.lang.invoke.Invokers$Holder.linkToTargetMethod(java.lang.Object, long, java.lang.Object)'> (0x00000000ebe42ca0) 
thrown [s\src\hotspot\share\interpreter\linkResolver.cpp, line 759]
Event: 18.065 Thread 0x00000295fb25b720 Exception <a 'java/lang/NoSuchMethodError'{0x00000000ec172930}: 'void java.lang.invoke.DirectMethodHandle$Holder.invokeInterface(java.lang.Object, java.lang.Object, java.lang.Object)'> (0x00000000ec172930) 
thrown [s\src\hotspot\share\interpreter\linkResolver.cpp, line 759]
Event: 18.127 Thread 0x00000295fb25b720 Exception <a 'java/lang/NoSuchMethodError'{0x00000000eac242b0}: 'void java.lang.invoke.DirectMethodHandle$Holder.invokeVirtual(java.lang.Object, java.lang.Object)'> (0x00000000eac242b0) 
thrown [s\src\hotspot\share\interpreter\linkResolver.cpp, line 759]
Event: 18.153 Thread 0x00000295fb25b720 Exception <a 'java/lang/NoSuchMethodError'{0x00000000ead68330}: 'java.lang.Object java.lang.invoke.DirectMethodHandle$Holder.invokeStatic(java.lang.Object, java.lang.Object, int)'> (0x00000000ead68330) 
thrown [s\src\hotspot\share\interpreter\linkResolver.cpp, line 759]
Event: 18.154 Thread 0x00000295fb25b720 Exception <a 'java/lang/NoSuchMethodError'{0x00000000ead6cee0}: 'void java.lang.invoke.DirectMethodHandle$Holder.invokeStatic(java.lang.Object, java.lang.Object, int, java.lang.Object)'> (0x00000000ead6cee0) 
thrown [s\src\hotspot\share\interpreter\linkResolver.cpp, line 759]
Event: 18.155 Thread 0x00000295fb25b720 Exception <a 'java/lang/NoSuchMethodError'{0x00000000ead741b0}: 'void java.lang.invoke.DelegatingMethodHandle$Holder.delegate(java.lang.Object, java.lang.Object, int, java.lang.Object)'> (0x00000000ead741b0) 
thrown [s\src\hotspot\share\interpreter\linkResolver.cpp, line 759]
Event: 18.156 Thread 0x00000295fb25b720 Exception <a 'java/lang/NoSuchMethodError'{0x00000000ead78598}: 'int java.lang.invoke.DirectMethodHandle$Holder.invokeSpecial(java.lang.Object, java.lang.Object, java.lang.Object)'> (0x00000000ead78598) 
thrown [s\src\hotspot\share\interpreter\linkResolver.cpp, line 759]
Event: 18.158 Thread 0x00000295fb25b720 Exception <a 'java/lang/NoSuchMethodError'{0x00000000ead89228}: 'int java.lang.invoke.DirectMethodHandle$Holder.invokeStatic(java.lang.Object, java.lang.Object, int)'> (0x00000000ead89228) 
thrown [s\src\hotspot\share\interpreter\linkResolver.cpp, line 759]
Event: 18.158 Thread 0x00000295fb25b720 Exception <a 'java/lang/NoSuchMethodError'{0x00000000ead8d250}: 'int java.lang.invoke.DirectMethodHandle$Holder.invokeSpecial(java.lang.Object, java.lang.Object, java.lang.Object, int)'> (0x00000000ead8d250) 
thrown [s\src\hotspot\share\interpreter\linkResolver.cpp, line 759]
Event: 18.160 Thread 0x00000295fb25b720 Exception <a 'java/lang/NoSuchMethodError'{0x00000000eada8460}: 'java.lang.Object java.lang.invoke.DirectMethodHandle$Holder.invokeStatic(java.lang.Object, java.lang.Object, java.lang.Object, java.lang.Object, int)'> (0x00000000eada8460) 
thrown [s\src\hotspot\share\interpreter\linkResolver.cpp, line 759]
Event: 18.161 Thread 0x00000295fb25b720 Exception <a 'java/lang/NoSuchMethodError'{0x00000000eadb4650}: 'java.lang.Object java.lang.invoke.DelegatingMethodHandle$Holder.reinvoke_L(java.lang.Object, java.lang.Object, java.lang.Object, java.lang.Object, int, int)'> (0x00000000eadb4650) 
thrown [s\src\hotspot\share\interpreter\linkResolver.cpp, line 759]
Event: 18.163 Thread 0x00000295fb25b720 Exception <a 'java/lang/NoSuchMethodError'{0x00000000eadc8a70}: 'java.lang.Object java.lang.invoke.Invokers$Holder.invokeExact_MT(java.lang.Object, java.lang.Object, java.lang.Object, java.lang.Object)'> (0x00000000eadc8a70) 
thrown [s\src\hotspot\share\interpreter\linkResolver.cpp, line 759]
Event: 18.256 Thread 0x00000295fb25b720 Exception <a 'java/lang/OutOfMemoryError'{0x00000000eacdc2c8}> (0x00000000eacdc2c8) 
thrown [s\src\hotspot\share\prims\jni.cpp, line 535]
Event: 18.257 Thread 0x00000295fb25b720 Exception <a 'java/lang/NoSuchMethodError'{0x00000000eacddc10}: 'java.lang.Object java.lang.invoke.DirectMethodHandle$Holder.invokeSpecial(java.lang.Object, java.lang.Object, java.lang.Object, int, java.lang.Object, java.lang.Object)'> (0x00000000eacddc10) 
thrown [s\src\hotspot\share\interpreter\linkResolver.cpp, line 759]

VM Operations (20 events):
Event: 10.869 Executing VM operation: Cleanup
Event: 10.869 Executing VM operation: Cleanup done
Event: 11.877 Executing VM operation: Cleanup
Event: 11.877 Executing VM operation: Cleanup done
Event: 14.896 Executing VM operation: Cleanup
Event: 14.897 Executing VM operation: Cleanup done
Event: 15.907 Executing VM operation: Cleanup
Event: 15.908 Executing VM operation: Cleanup done
Event: 16.916 Executing VM operation: Cleanup
Event: 16.916 Executing VM operation: Cleanup done
Event: 17.602 Executing VM operation: ParallelGCFailedAllocation
Event: 17.611 Executing VM operation: ParallelGCFailedAllocation done
Event: 17.654 Executing VM operation: HandshakeAllThreads
Event: 17.655 Executing VM operation: HandshakeAllThreads done
Event: 18.103 Executing VM operation: ParallelGCFailedAllocation
Event: 18.107 Executing VM operation: ParallelGCFailedAllocation done
Event: 18.152 Executing VM operation: HandshakeAllThreads
Event: 18.152 Executing VM operation: HandshakeAllThreads done
Event: 18.184 Executing VM operation: CollectForMetadataAllocation
Event: 18.220 Executing VM operation: CollectForMetadataAllocation done

Events (20 events):
Event: 18.151 loading class java/lang/invoke/MethodHandleImpl$2
Event: 18.151 loading class java/lang/invoke/MethodHandleImpl$2 done
Event: 18.151 loading class java/lang/invoke/MethodHandleImpl$ArrayAccessor
Event: 18.151 loading class java/lang/invoke/MethodHandleImpl$ArrayAccessor done
Event: 18.151 loading class java/lang/invoke/MethodHandleImpl$ArrayAccessor$1
Event: 18.151 loading class java/lang/invoke/MethodHandleImpl$ArrayAccessor$1 done
Event: 18.151 loading class java/lang/ClassValue$ClassValueMap
Event: 18.152 loading class java/lang/ClassValue$ClassValueMap done
Event: 18.157 loading class sun/invoke/util/ValueConversions$WrapperCache
Event: 18.157 loading class sun/invoke/util/ValueConversions$WrapperCache done
Event: 18.157 loading class sun/invoke/util/ValueConversions$1
Event: 18.157 loading class sun/invoke/util/ValueConversions$1 done
Event: 18.159 loading class java/lang/invoke/BoundMethodHandle$Species_LI
Event: 18.159 loading class java/lang/invoke/BoundMethodHandle$Species_LI done
Event: 18.159 loading class java/lang/invoke/ClassSpecializer$Factory$1Var
Event: 18.159 loading class java/lang/invoke/ClassSpecializer$Factory$1Var done
Event: 18.246 loading class java/lang/IllegalCallerException
Event: 18.246 loading class java/lang/IllegalCallerException done
Event: 18.254 loading class java/util/function/IntFunction
Event: 18.254 loading class java/util/function/IntFunction done


Dynamic libraries:
0x00007ff6d8020000 - 0x00007ff6d802e000 	c:\Users\mehul\.vscode\extensions\redhat.java-1.32.0-win32-x64\jre\17.0.11-win32-x86_64\bin\java.exe
0x00007fff23150000 - 0x00007fff23367000 	C:\Windows\SYSTEM32\ntdll.dll
0x00007fff21f50000 - 0x00007fff22014000 	C:\Windows\System32\KERNEL32.DLL
0x00007fff20ae0000 - 0x00007fff20e8d000 	C:\Windows\System32\KERNELBASE.dll
0x00007fff20800000 - 0x00007fff20911000 	C:\Windows\System32\ucrtbase.dll
0x00007fff05750000 - 0x00007fff05767000 	c:\Users\mehul\.vscode\extensions\redhat.java-1.32.0-win32-x64\jre\17.0.11-win32-x86_64\bin\jli.dll
0x00007fff21690000 - 0x00007fff2183e000 	C:\Windows\System32\USER32.dll
0x00007fff20920000 - 0x00007fff20946000 	C:\Windows\System32\win32u.dll
0x00007fff223b0000 - 0x00007fff223d9000 	C:\Windows\System32\GDI32.dll
0x00007fff20620000 - 0x00007fff20739000 	C:\Windows\System32\gdi32full.dll
0x00007fff20950000 - 0x00007fff209ea000 	C:\Windows\System32\msvcp_win.dll
0x00007ffefca90000 - 0x00007ffefcaab000 	c:\Users\mehul\.vscode\extensions\redhat.java-1.32.0-win32-x64\jre\17.0.11-win32-x86_64\bin\VCRUNTIME140.dll
0x00007fff07e20000 - 0x00007fff080b3000 	C:\Windows\WinSxS\amd64_microsoft.windows.common-controls_6595b64144ccf1df_6.0.22621.3672_none_2713b9d173822955\COMCTL32.dll
0x00007fff21840000 - 0x00007fff218e7000 	C:\Windows\System32\msvcrt.dll
0x00007fff222c0000 - 0x00007fff222f1000 	C:\Windows\System32\IMM32.DLL
0x00007fff08310000 - 0x00007fff0831c000 	c:\Users\mehul\.vscode\extensions\redhat.java-1.32.0-win32-x64\jre\17.0.11-win32-x86_64\bin\vcruntime140_1.dll
0x00007ffeddfe0000 - 0x00007ffede06d000 	c:\Users\mehul\.vscode\extensions\redhat.java-1.32.0-win32-x64\jre\17.0.11-win32-x86_64\bin\msvcp140.dll
0x00007ffe9f380000 - 0x00007ffe9ffe2000 	c:\Users\mehul\.vscode\extensions\redhat.java-1.32.0-win32-x64\jre\17.0.11-win32-x86_64\bin\server\jvm.dll
0x00007fff21e90000 - 0x00007fff21f42000 	C:\Windows\System32\ADVAPI32.dll
0x00007fff22300000 - 0x00007fff223a9000 	C:\Windows\System32\sechost.dll
0x00007fff205f0000 - 0x00007fff20618000 	C:\Windows\System32\bcrypt.dll
0x00007fff22020000 - 0x00007fff22134000 	C:\Windows\System32\RPCRT4.dll
0x00007fff20340000 - 0x00007fff2038d000 	C:\Windows\SYSTEM32\POWRPROF.dll
0x00007fff16f30000 - 0x00007fff16f39000 	C:\Windows\SYSTEM32\WSOCK32.dll
0x00007fff21120000 - 0x00007fff21191000 	C:\Windows\System32\WS2_32.dll
0x00007fff18ac0000 - 0x00007fff18aca000 	C:\Windows\SYSTEM32\VERSION.dll
0x00007fff1abf0000 - 0x00007fff1ac24000 	C:\Windows\SYSTEM32\WINMM.dll
0x00007fff20320000 - 0x00007fff20333000 	C:\Windows\SYSTEM32\UMPDC.dll
0x00007fff1f3d0000 - 0x00007fff1f3e8000 	C:\Windows\SYSTEM32\kernel.appcore.dll
0x00007ffefef40000 - 0x00007ffefef4a000 	c:\Users\mehul\.vscode\extensions\redhat.java-1.32.0-win32-x64\jre\17.0.11-win32-x86_64\bin\jimage.dll
0x00007fff15760000 - 0x00007fff15992000 	C:\Windows\SYSTEM32\DBGHELP.DLL
0x00007fff22d30000 - 0x00007fff230b8000 	C:\Windows\System32\combase.dll
0x00007fff21040000 - 0x00007fff21117000 	C:\Windows\System32\OLEAUT32.dll
0x00007fff0c450000 - 0x00007fff0c482000 	C:\Windows\SYSTEM32\dbgcore.DLL
0x00007fff209f0000 - 0x00007fff20a6b000 	C:\Windows\System32\bcryptPrimitives.dll
0x00007ffefd200000 - 0x00007ffefd20e000 	c:\Users\mehul\.vscode\extensions\redhat.java-1.32.0-win32-x64\jre\17.0.11-win32-x86_64\bin\instrument.dll
0x00007ffefa440000 - 0x00007ffefa465000 	c:\Users\mehul\.vscode\extensions\redhat.java-1.32.0-win32-x64\jre\17.0.11-win32-x86_64\bin\java.dll
0x00007ffeecad0000 - 0x00007ffeecae8000 	c:\Users\mehul\.vscode\extensions\redhat.java-1.32.0-win32-x64\jre\17.0.11-win32-x86_64\bin\zip.dll
0x00007fff22470000 - 0x00007fff22ccf000 	C:\Windows\System32\SHELL32.dll
0x00007fff1e380000 - 0x00007fff1ec7c000 	C:\Windows\SYSTEM32\windows.storage.dll
0x00007fff1e240000 - 0x00007fff1e37f000 	C:\Windows\SYSTEM32\wintypes.dll
0x00007fff21d90000 - 0x00007fff21e84000 	C:\Windows\System32\SHCORE.dll
0x00007fff22240000 - 0x00007fff2229e000 	C:\Windows\System32\shlwapi.dll
0x00007fff203b0000 - 0x00007fff203d1000 	C:\Windows\SYSTEM32\profapi.dll
0x00007ffef9bc0000 - 0x00007ffef9bd9000 	C:\Users\mehul\.vscode\extensions\redhat.java-1.32.0-win32-x64\jre\17.0.11-win32-x86_64\bin\net.dll
0x00007fff1c050000 - 0x00007fff1c186000 	C:\Windows\SYSTEM32\WINHTTP.dll
0x00007fff1f8e0000 - 0x00007fff1f949000 	C:\Windows\system32\mswsock.dll
0x00007ffeecaf0000 - 0x00007ffeecb06000 	C:\Users\mehul\.vscode\extensions\redhat.java-1.32.0-win32-x64\jre\17.0.11-win32-x86_64\bin\nio.dll
0x00007ffefd1d0000 - 0x00007ffefd1e0000 	c:\Users\mehul\.vscode\extensions\redhat.java-1.32.0-win32-x64\jre\17.0.11-win32-x86_64\bin\verify.dll
0x00007ffee3be0000 - 0x00007ffee3c24000 	C:\Users\mehul\AppData\Roaming\Code\User\globalStorage\redhat.java\1.32.0\config_win\org.eclipse.equinox.launcher\org.eclipse.equinox.launcher.win32.win32.x86_64_1.2.1100.v20240613-2013\eclipse_11903.dll
0x00007fff20e90000 - 0x00007fff21035000 	C:\Windows\System32\ole32.dll

dbghelp: loaded successfully - version: 4.0.5 - missing functions: none
symbol engine: initialized successfully - sym options: 0x614 - pdb path: .;c:\Users\mehul\.vscode\extensions\redhat.java-1.32.0-win32-x64\jre\17.0.11-win32-x86_64\bin;C:\Windows\SYSTEM32;C:\Windows\WinSxS\amd64_microsoft.windows.common-controls_6595b64144ccf1df_6.0.22621.3672_none_2713b9d173822955;c:\Users\mehul\.vscode\extensions\redhat.java-1.32.0-win32-x64\jre\17.0.11-win32-x86_64\bin\server;C:\Users\mehul\AppData\Roaming\Code\User\globalStorage\redhat.java\1.32.0\config_win\org.eclipse.equinox.launcher\org.eclipse.equinox.launcher.win32.win32.x86_64_1.2.1100.v20240613-2013

VM Arguments:
jvm_args: --add-modules=ALL-SYSTEM --add-opens=java.base/java.util=ALL-UNNAMED --add-opens=java.base/java.lang=ALL-UNNAMED --add-opens=java.base/sun.nio.fs=ALL-UNNAMED -Declipse.application=org.eclipse.jdt.ls.core.id1 -Dosgi.bundles.defaultStartLevel=4 -Declipse.product=org.eclipse.jdt.ls.core.product -Djava.import.generatesMetadataFilesAtProjectRoot=false -DDetectVMInstallationsJob.disabled=true -Dfile.encoding=utf8 -XX:+UseParallelGC -XX:GCTimeRatio=4 -XX:AdaptiveSizePolicyWeight=90 -Dsun.zip.disableMemoryMapping=true -Xmx1G -Xms100m -Xlog:disable -javaagent:c:\Users\mehul\.vscode\extensions\redhat.java-1.32.0-win32-x64\lombok\lombok-1.18.33.jar -XX:+HeapDumpOnOutOfMemoryError -XX:HeapDumpPath=c:\Users\mehul\AppData\Roaming\Code\User\workspaceStorage\393162e2befb5a9d980e74c757908502\redhat.java -Daether.dependencyCollector.impl=bf 
java_command: c:\Users\mehul\.vscode\extensions\redhat.java-1.32.0-win32-x64\server\plugins\org.eclipse.equinox.launcher_1.6.900.v20240613-2009.jar -configuration c:\Users\mehul\AppData\Roaming\Code\User\globalStorage\redhat.java\1.32.0\config_win -data c:\Users\mehul\AppData\Roaming\Code\User\workspaceStorage\393162e2befb5a9d980e74c757908502\redhat.java\jdt_ws --pipe=\\.\pipe\lsp-028cfc30844823c6bec5ff39c7b12615-sock
java_class_path (initial): c:\Users\mehul\.vscode\extensions\redhat.java-1.32.0-win32-x64\server\plugins\org.eclipse.equinox.launcher_1.6.900.v20240613-2009.jar
Launcher Type: SUN_STANDARD

[Global flags]
    uintx AdaptiveSizePolicyWeight                 = 90                                        {product} {command line}
     intx CICompilerCount                          = 4                                         {product} {ergonomic}
    uintx GCTimeRatio                              = 4                                         {product} {command line}
     bool HeapDumpOnOutOfMemoryError               = true                                   {manageable} {command line}
    ccstr HeapDumpPath                             = c:\Users\mehul\AppData\Roaming\Code\User\workspaceStorage\393162e2befb5a9d980e74c757908502\redhat.java         {manageable} {command line}
   size_t InitialHeapSize                          = 104857600                                 {product} {command line}
   size_t MaxHeapSize                              = 1073741824                                {product} {command line}
   size_t MaxNewSize                               = 357564416                                 {product} {ergonomic}
   size_t MinHeapDeltaBytes                        = 524288                                    {product} {ergonomic}
   size_t MinHeapSize                              = 104857600                                 {product} {command line}
   size_t NewSize                                  = 34603008                                  {product} {ergonomic}
    uintx NonNMethodCodeHeapSize                   = 5839372                                {pd product} {ergonomic}
    uintx NonProfiledCodeHeapSize                  = 122909434                              {pd product} {ergonomic}
   size_t OldSize                                  = 70254592                                  {product} {ergonomic}
    uintx ProfiledCodeHeapSize                     = 122909434                              {pd product} {ergonomic}
    uintx ReservedCodeCacheSize                    = 251658240                              {pd product} {ergonomic}
     bool SegmentedCodeCache                       = true                                      {product} {ergonomic}
   size_t SoftMaxHeapSize                          = 1073741824                             {manageable} {ergonomic}
     bool UseCompressedClassPointers               = true                           {product lp64_product} {ergonomic}
     bool UseCompressedOops                        = true                           {product lp64_product} {ergonomic}
     bool UseLargePagesIndividualAllocation        = false                                  {pd product} {ergonomic}
     bool UseParallelGC                            = true                                      {product} {command line}

Logging:
Log output configuration:
 #0: stdout all=off uptime,level,tags
 #1: stderr all=off uptime,level,tags

Environment Variables:
JAVA_HOME=C:\Program Files\Java\jdk-17
PATH=C:\Program Files\Common Files\Oracle\Java\javapath;C:\Program Files (x86)\Common Files\Intel\Shared Libraries\redist\intel64\compiler;C:\Windows\system32;C:\Windows;C:\Windows\System32\Wbem;C:\Windows\System32\WindowsPowerShell\v1.0\;C:\Windows\System32\OpenSSH\;C:\Program Files\Microsoft VS Code\bin;C:\Program Files\Git\cmd;C:\Users\mehul\AppData\Local\Android\Sdk\platform-tools;C:\ProgramData\chocolatey\bin;C:\Program Files\nodejs\;C:\MinGW\bin;C:\Program Files\Apache\maven\bin;C:\Program Files\Java\jdk-17\bin;C:\Users\mehul\AppData\Local\Programs\Python\Python312\Scripts\;C:\Users\mehul\AppData\Local\Programs\Python\Python312\;C:\Users\mehul\.console-ninja\.bin;C:\Users\mehul\AppData\Local\Microsoft\WindowsApps;C:\Users\mehul\AppData\Local\spicetify;C:\Users\mehul\AppData\Local\Android\Sdk\platform-tools;C:\Users\mehul\AppData\Roaming\npm;C:\Users\mehul\AppData\Local\JetBrains\Toolbox\scripts;C:\MinGW\bin;C:\Users\mehul\AppData\Local\GitHubDesktop\bin;
USERNAME=mehul
OS=Windows_NT
PROCESSOR_IDENTIFIER=AMD64 Family 25 Model 80 Stepping 0, AuthenticAMD
TMP=C:\Users\mehul\AppData\Local\Temp
TEMP=C:\Users\mehul\AppData\Local\Temp



Periodic native trim disabled


---------------  S Y S T E M  ---------------

OS:
 Windows 11 , 64 bit Build 22621 (10.0.22621.3672)
OS uptime: 0 days 22:58 hours
Hyper-V role detected

CPU: total 12 (initial active 12) (12 cores per cpu, 2 threads per core) family 25 model 80 stepping 0 microcode 0x0, cx8, cmov, fxsr, ht, mmx, 3dnowpref, sse, sse2, sse3, ssse3, sse4a, sse4.1, sse4.2, popcnt, lzcnt, tsc, tscinvbit, avx, avx2, aes, erms, clmul, bmi1, bmi2, adx, sha, fma, vzeroupper, clflush, clflushopt, hv
Processor Information for all 12 processors :
  Max Mhz: 3301, Current Mhz: 3301, Mhz Limit: 3301

Memory: 4k page, system-wide physical 7521M (257M free)
TotalPageFile size 31073M (AvailPageFile size 0M)
current process WorkingSet (physical memory assigned to process): 104M, peak: 104M
current process commit charge ("private bytes"): 228M, peak: 228M

vm_info: OpenJDK 64-Bit Server VM (17.0.11+9) for windows-amd64 JRE (17.0.11+9), built on Apr 17 2024 06:07:48 by "admin" with MS VC++ 16.10 / 16.11 (VS2019)

END.
