#
# There is insufficient memory for the Java Runtime Environment to continue.
# Native memory allocation (malloc) failed to allocate 1055456 bytes for Chunk::new
# Possible reasons:
#   The system is out of physical RAM or swap space
#   The process is running with CompressedOops enabled, and the Java Heap may be blocking the growth of the native heap
# Possible solutions:
#   Reduce memory load on the system
#   Increase physical memory or swap space
#   Check if swap backing store is full
#   Decrease Java heap size (-Xmx/-Xms)
#   Decrease number of Java threads
#   Decrease Java thread stack sizes (-Xss)
#   Set larger code cache with -XX:ReservedCodeCacheSize=
#   JVM is running with Zero Based Compressed Oops mode in which the Java heap is
#     placed in the first 32GB address space. The Java Heap base address is the
#     maximum limit for the native heap growth. Please use -XX:HeapBaseMinAddress
#     to set the Java Heap base and to place the Java Heap above 32GB virtual address.
# This output file may be truncated or incomplete.
#
#  Out of Memory Error (arena.cpp:189), pid=27420, tid=31808
#
# JRE version: Java(TM) SE Runtime Environment (17.0.11+7) (build 17.0.11+7-LTS-207)
# Java VM: Java HotSpot(TM) 64-Bit Server VM (17.0.11+7-LTS-207, mixed mode, sharing, tiered, compressed oops, compressed class ptrs, g1 gc, windows-amd64)
# No core dump will be written. Minidumps are not enabled by default on client versions of Windows
#

---------------  S U M M A R Y ------------

Command Line: -XX:MaxMetaspaceSize=4096m -XX:+HeapDumpOnOutOfMemoryError --add-opens=java.base/java.util=ALL-UNNAMED --add-opens=java.base/java.lang=ALL-UNNAMED --add-opens=java.base/java.lang.invoke=ALL-UNNAMED --add-opens=java.prefs/java.util.prefs=ALL-UNNAMED --add-opens=java.base/java.nio.charset=ALL-UNNAMED --add-opens=java.base/java.net=ALL-UNNAMED --add-opens=java.base/java.util.concurrent.atomic=ALL-UNNAMED -Xmx4608m -Dfile.encoding=windows-1252 -Duser.country=IN -Duser.language=en -Duser.variant -javaagent:C:\Users\mehul\.gradle\wrapper\dists\gradle-8.3-all\6en3ugtfdg5xnpx44z4qbwgas\gradle-8.3\lib\agents\gradle-instrumentation-agent-8.3.jar org.gradle.launcher.daemon.bootstrap.GradleDaemon 8.3

Host: AMD Ryzen 5 5600H with Radeon Graphics         , 12 cores, 7G,  Windows 11 , 64 bit Build 22621 (10.0.22621.3672)
Time: Wed Jun 26 15:48:49 2024 India Standard Time elapsed time: 2.521941 seconds (0d 0h 0m 2s)

---------------  T H R E A D  ---------------

Current thread (0x000001215cf03970):  JavaThread "C2 CompilerThread0" daemon [_thread_in_native, id=31808, stack(0x0000001b91c00000,0x0000001b91d00000)]


Current CompileTask:
C2:   2521 2286   !   4       java.net.URLClassLoader::findClass (47 bytes)

Stack: [0x0000001b91c00000,0x0000001b91d00000]
Native frames: (J=compiled Java code, j=interpreted, Vv=VM code, C=native code)
V  [jvm.dll+0x679cca]
V  [jvm.dll+0x7da13d]
V  [jvm.dll+0x7dba83]
V  [jvm.dll+0x7dc0f3]
V  [jvm.dll+0x2449af]
V  [jvm.dll+0xab83b]
V  [jvm.dll+0xabe1c]
V  [jvm.dll+0x2a9e6f]
V  [jvm.dll+0x5818d9]
V  [jvm.dll+0x21ed62]
V  [jvm.dll+0x21f13f]
V  [jvm.dll+0x218331]
V  [jvm.dll+0x215505]
V  [jvm.dll+0x1a2040]
V  [jvm.dll+0x225a2b]
V  [jvm.dll+0x223bcb]
V  [jvm.dll+0x7903ec]
V  [jvm.dll+0x78a85a]
V  [jvm.dll+0x678bb5]
C  [ucrtbase.dll+0x29333]
C  [KERNEL32.DLL+0x1257d]
C  [ntdll.dll+0x5af28]


---------------  P R O C E S S  ---------------

Threads class SMR info:
_java_thread_list=0x00000121a3eda720, length=25, elements={
0x00000121389a8d00, 0x000001215cee1270, 0x000001215cee1ef0, 0x000001215cef4f50,
0x000001215cef5820, 0x000001215cef61e0, 0x000001215cef8bb0, 0x000001215cf03970,
0x000001215cf07d30, 0x000001215cf0cb00, 0x000001215cf0aca0, 0x000001215cf0b6c0,
0x000001215cf0d010, 0x000001215cf0d520, 0x000001215cf0c0e0, 0x000001215cf0a790,
0x000001215cf0c5f0, 0x000001215cf0da30, 0x000001215cf0df40, 0x00000121a3c4d120,
0x00000121a3c4adb0, 0x00000121a3c47600, 0x00000121a3c47b10, 0x00000121a3c4a390,
0x00000121a3c49e80
}

Java Threads: ( => current thread )
  0x00000121389a8d00 JavaThread "main" [_thread_blocked, id=2012, stack(0x0000001b90f00000,0x0000001b91000000)]
  0x000001215cee1270 JavaThread "Reference Handler" daemon [_thread_blocked, id=28384, stack(0x0000001b91600000,0x0000001b91700000)]
  0x000001215cee1ef0 JavaThread "Finalizer" daemon [_thread_blocked, id=15684, stack(0x0000001b91700000,0x0000001b91800000)]
  0x000001215cef4f50 JavaThread "Signal Dispatcher" daemon [_thread_blocked, id=29808, stack(0x0000001b91800000,0x0000001b91900000)]
  0x000001215cef5820 JavaThread "Attach Listener" daemon [_thread_blocked, id=15664, stack(0x0000001b91900000,0x0000001b91a00000)]
  0x000001215cef61e0 JavaThread "Service Thread" daemon [_thread_blocked, id=9956, stack(0x0000001b91a00000,0x0000001b91b00000)]
  0x000001215cef8bb0 JavaThread "Monitor Deflation Thread" daemon [_thread_blocked, id=17260, stack(0x0000001b91b00000,0x0000001b91c00000)]
=>0x000001215cf03970 JavaThread "C2 CompilerThread0" daemon [_thread_in_native, id=31808, stack(0x0000001b91c00000,0x0000001b91d00000)]
  0x000001215cf07d30 JavaThread "C1 CompilerThread0" daemon [_thread_in_vm, id=32636, stack(0x0000001b91d00000,0x0000001b91e00000)]
  0x000001215cf0cb00 JavaThread "Sweeper thread" daemon [_thread_blocked, id=25004, stack(0x0000001b91e00000,0x0000001b91f00000)]
  0x000001215cf0aca0 JavaThread "Common-Cleaner" daemon [_thread_blocked, id=28736, stack(0x0000001b91f00000,0x0000001b92000000)]
  0x000001215cf0b6c0 JavaThread "Notification Thread" daemon [_thread_blocked, id=24376, stack(0x0000001b92000000,0x0000001b92100000)]
  0x000001215cf0d010 JavaThread "Daemon health stats" [_thread_blocked, id=25272, stack(0x0000001b92600000,0x0000001b92700000)]
  0x000001215cf0d520 JavaThread "Incoming local TCP Connector on port 52540" [_thread_in_native, id=28816, stack(0x0000001b92700000,0x0000001b92800000)]
  0x000001215cf0c0e0 JavaThread "Daemon periodic checks" [_thread_blocked, id=26708, stack(0x0000001b92800000,0x0000001b92900000)]
  0x000001215cf0a790 JavaThread "Daemon" [_thread_blocked, id=13856, stack(0x0000001b92e00000,0x0000001b92f00000)]
  0x000001215cf0c5f0 JavaThread "Handler for socket connection from /127.0.0.1:52540 to /127.0.0.1:52541" [_thread_in_native, id=24684, stack(0x0000001b92f00000,0x0000001b93000000)]
  0x000001215cf0da30 JavaThread "Cancel handler" [_thread_blocked, id=21992, stack(0x0000001b93000000,0x0000001b93100000)]
  0x000001215cf0df40 JavaThread "Daemon worker" [_thread_in_Java, id=10612, stack(0x0000001b93100000,0x0000001b93200000)]
  0x00000121a3c4d120 JavaThread "Asynchronous log dispatcher for DefaultDaemonConnection: socket connection from /127.0.0.1:52540 to /127.0.0.1:52541" [_thread_blocked, id=17852, stack(0x0000001b93200000,0x0000001b93300000)]
  0x00000121a3c4adb0 JavaThread "Stdin handler" [_thread_blocked, id=13604, stack(0x0000001b93300000,0x0000001b93400000)]
  0x00000121a3c47600 JavaThread "Daemon client event forwarder" [_thread_blocked, id=19596, stack(0x0000001b93400000,0x0000001b93500000)]
  0x00000121a3c47b10 JavaThread "Cache worker for journal cache (C:\Users\mehul\.gradle\caches\journal-1)" [_thread_blocked, id=27660, stack(0x0000001b93500000,0x0000001b93600000)]
  0x00000121a3c4a390 JavaThread "File lock request listener" [_thread_in_native, id=19960, stack(0x0000001b93600000,0x0000001b93700000)]
  0x00000121a3c49e80 JavaThread "Cache worker for file hash cache (C:\Users\mehul\.gradle\caches\8.3\fileHashes)" [_thread_blocked, id=24668, stack(0x0000001b93700000,0x0000001b93800000)]

Other Threads:
  0x000001215cede770 VMThread "VM Thread" [stack: 0x0000001b91500000,0x0000001b91600000] [id=16908]
  0x0000012138a2e870 WatcherThread [stack: 0x0000001b92100000,0x0000001b92200000] [id=15064]
  0x0000012138a18160 GCTaskThread "GC Thread#0" [stack: 0x0000001b91000000,0x0000001b91100000] [id=33664]
  0x00000121a2a8a9a0 GCTaskThread "GC Thread#1" [stack: 0x0000001b92200000,0x0000001b92300000] [id=32992]
  0x00000121a2a048c0 GCTaskThread "GC Thread#2" [stack: 0x0000001b92300000,0x0000001b92400000] [id=33392]
  0x00000121a2a04f90 GCTaskThread "GC Thread#3" [stack: 0x0000001b92400000,0x0000001b92500000] [id=15668]
  0x00000121a2c9ffd0 GCTaskThread "GC Thread#4" [stack: 0x0000001b92500000,0x0000001b92600000] [id=25276]
  0x00000121a326a850 GCTaskThread "GC Thread#5" [stack: 0x0000001b92900000,0x0000001b92a00000] [id=25936]
  0x00000121a392cc00 GCTaskThread "GC Thread#6" [stack: 0x0000001b92a00000,0x0000001b92b00000] [id=5452]
  0x00000121a3942a70 GCTaskThread "GC Thread#7" [stack: 0x0000001b92b00000,0x0000001b92c00000] [id=23976]
  0x00000121a38512f0 GCTaskThread "GC Thread#8" [stack: 0x0000001b92c00000,0x0000001b92d00000] [id=13212]
  0x00000121a3c9ac30 GCTaskThread "GC Thread#9" [stack: 0x0000001b92d00000,0x0000001b92e00000] [id=8632]
  0x0000012138a230c0 ConcurrentGCThread "G1 Main Marker" [stack: 0x0000001b91100000,0x0000001b91200000] [id=19976]
  0x0000012138a23ad0 ConcurrentGCThread "G1 Conc#0" [stack: 0x0000001b91200000,0x0000001b91300000] [id=28500]
  0x0000012138a67bf0 ConcurrentGCThread "G1 Refine#0" [stack: 0x0000001b91300000,0x0000001b91400000] [id=33184]
  0x000001215cda1a00 ConcurrentGCThread "G1 Service" [stack: 0x0000001b91400000,0x0000001b91500000] [id=27572]

Threads with active compile tasks:
C2 CompilerThread0     2552 2286   !   4       java.net.URLClassLoader::findClass (47 bytes)
C1 CompilerThread0     2552 2483       3       com.google.common.base.Splitter::<init> (12 bytes)

VM state: not at safepoint (normal execution)

VM Mutex/Monitor currently owned by a thread: None

Heap address: 0x00000006e0000000, size: 4608 MB, Compressed Oops mode: Zero based, Oop shift amount: 3

CDS archive(s) mapped at: [0x000001215d000000-0x000001215dbd0000-0x000001215dbd0000), size 12386304, SharedBaseAddress: 0x000001215d000000, ArchiveRelocationMode: 1.
Compressed class space mapped at: 0x000001215e000000-0x000001219e000000, reserved size: 1073741824
Narrow klass base: 0x000001215d000000, Narrow klass shift: 0, Narrow klass range: 0x100000000

GC Precious Log:
 CPUs: 12 total, 12 available
 Memory: 7521M
 Large Page Support: Disabled
 NUMA Support: Disabled
 Compressed Oops: Enabled (Zero based)
 Heap Region Size: 4M
 Heap Min Capacity: 8M
 Heap Initial Capacity: 120M
 Heap Max Capacity: 4608M
 Pre-touch: Disabled
 Parallel Workers: 10
 Concurrent Workers: 3
 Concurrent Refinement Workers: 10
 Periodic GC: Disabled

Heap:
 garbage-first heap   total 122880K, used 21304K [0x00000006e0000000, 0x0000000800000000)
  region size 4096K, 2 young (8192K), 1 survivors (4096K)
 Metaspace       used 17950K, committed 18240K, reserved 1114112K
  class space    used 2619K, committed 2752K, reserved 1048576K

Heap Regions: E=young(eden), S=young(survivor), O=old, HS=humongous(starts), HC=humongous(continues), CS=collection set, F=free, OA=open archive, CA=closed archive, TAMS=top-at-mark-start (previous, next)
|   0|0x00000006e0000000, 0x00000006e0400000, 0x00000006e0400000|100%|HS|  |TAMS 0x00000006e0000000, 0x00000006e0000000| Complete 
|   1|0x00000006e0400000, 0x00000006e0800000, 0x00000006e0800000|100%| O|  |TAMS 0x00000006e0400000, 0x00000006e0400000| Untracked 
|   2|0x00000006e0800000, 0x00000006e0c00000, 0x00000006e0c00000|100%| O|  |TAMS 0x00000006e0800000, 0x00000006e0800000| Untracked 
|   3|0x00000006e0c00000, 0x00000006e1000000, 0x00000006e1000000|100%| O|  |TAMS 0x00000006e0c00000, 0x00000006e0c00000| Untracked 
|   4|0x00000006e1000000, 0x00000006e1184400, 0x00000006e1400000| 37%| O|  |TAMS 0x00000006e1000000, 0x00000006e1000000| Untracked 
|   5|0x00000006e1400000, 0x00000006e1400000, 0x00000006e1800000|  0%| F|  |TAMS 0x00000006e1400000, 0x00000006e1400000| Untracked 
|   6|0x00000006e1800000, 0x00000006e1800000, 0x00000006e1c00000|  0%| F|  |TAMS 0x00000006e1800000, 0x00000006e1800000| Untracked 
|   7|0x00000006e1c00000, 0x00000006e1c00000, 0x00000006e2000000|  0%| F|  |TAMS 0x00000006e1c00000, 0x00000006e1c00000| Untracked 
|   8|0x00000006e2000000, 0x00000006e2000000, 0x00000006e2400000|  0%| F|  |TAMS 0x00000006e2000000, 0x00000006e2000000| Untracked 
|   9|0x00000006e2400000, 0x00000006e2400000, 0x00000006e2800000|  0%| F|  |TAMS 0x00000006e2400000, 0x00000006e2400000| Untracked 
|  10|0x00000006e2800000, 0x00000006e2800000, 0x00000006e2c00000|  0%| F|  |TAMS 0x00000006e2800000, 0x00000006e2800000| Untracked 
|  11|0x00000006e2c00000, 0x00000006e2c00000, 0x00000006e3000000|  0%| F|  |TAMS 0x00000006e2c00000, 0x00000006e2c00000| Untracked 
|  12|0x00000006e3000000, 0x00000006e3000000, 0x00000006e3400000|  0%| F|  |TAMS 0x00000006e3000000, 0x00000006e3000000| Untracked 
|  13|0x00000006e3400000, 0x00000006e3749c70, 0x00000006e3800000| 82%| S|CS|TAMS 0x00000006e3400000, 0x00000006e3400000| Complete 
|  14|0x00000006e3800000, 0x00000006e3800000, 0x00000006e3c00000|  0%| F|  |TAMS 0x00000006e3800000, 0x00000006e3800000| Untracked 
|  15|0x00000006e3c00000, 0x00000006e3c00000, 0x00000006e4000000|  0%| F|  |TAMS 0x00000006e3c00000, 0x00000006e3c00000| Untracked 
|  16|0x00000006e4000000, 0x00000006e4000000, 0x00000006e4400000|  0%| F|  |TAMS 0x00000006e4000000, 0x00000006e4000000| Untracked 
|  17|0x00000006e4400000, 0x00000006e4400000, 0x00000006e4800000|  0%| F|  |TAMS 0x00000006e4400000, 0x00000006e4400000| Untracked 
|  18|0x00000006e4800000, 0x00000006e4800000, 0x00000006e4c00000|  0%| F|  |TAMS 0x00000006e4800000, 0x00000006e4800000| Untracked 
|  19|0x00000006e4c00000, 0x00000006e4c00000, 0x00000006e5000000|  0%| F|  |TAMS 0x00000006e4c00000, 0x00000006e4c00000| Untracked 
|  20|0x00000006e5000000, 0x00000006e5000000, 0x00000006e5400000|  0%| F|  |TAMS 0x00000006e5000000, 0x00000006e5000000| Untracked 
|  21|0x00000006e5400000, 0x00000006e5400000, 0x00000006e5800000|  0%| F|  |TAMS 0x00000006e5400000, 0x00000006e5400000| Untracked 
|  22|0x00000006e5800000, 0x00000006e5800000, 0x00000006e5c00000|  0%| F|  |TAMS 0x00000006e5800000, 0x00000006e5800000| Untracked 
|  23|0x00000006e5c00000, 0x00000006e5c00000, 0x00000006e6000000|  0%| F|  |TAMS 0x00000006e5c00000, 0x00000006e5c00000| Untracked 
|  24|0x00000006e6000000, 0x00000006e6000000, 0x00000006e6400000|  0%| F|  |TAMS 0x00000006e6000000, 0x00000006e6000000| Untracked 
|  25|0x00000006e6400000, 0x00000006e6400000, 0x00000006e6800000|  0%| F|  |TAMS 0x00000006e6400000, 0x00000006e6400000| Untracked 
|  26|0x00000006e6800000, 0x00000006e6800000, 0x00000006e6c00000|  0%| F|  |TAMS 0x00000006e6800000, 0x00000006e6800000| Untracked 
|  27|0x00000006e6c00000, 0x00000006e6c00000, 0x00000006e7000000|  0%| F|  |TAMS 0x00000006e6c00000, 0x00000006e6c00000| Untracked 
|  28|0x00000006e7000000, 0x00000006e70aef38, 0x00000006e7400000| 17%| E|  |TAMS 0x00000006e7000000, 0x00000006e7000000| Complete 
|  29|0x00000006e7400000, 0x00000006e7800000, 0x00000006e7800000|100%| E|CS|TAMS 0x00000006e7400000, 0x00000006e7400000| Complete 

Card table byte_map: [0x00000121500c0000,0x00000121509c0000] _byte_map_base: 0x000001214c9c0000

Marking Bits (Prev, Next): (CMBitMap*) 0x0000012138a18780, (CMBitMap*) 0x0000012138a187c0
 Prev Bits: [0x00000121512c0000, 0x0000012155ac0000)
 Next Bits: [0x0000012155ac0000, 0x000001215a2c0000)

Polling page: 0x0000012138170000

Metaspace:

Usage:
  Non-class:     14.98 MB used.
      Class:      2.56 MB used.
       Both:     17.53 MB used.

Virtual space:
  Non-class space:       64.00 MB reserved,      15.12 MB ( 24%) committed,  1 nodes.
      Class space:        1.00 GB reserved,       2.69 MB ( <1%) committed,  1 nodes.
             Both:        1.06 GB reserved,      17.81 MB (  2%) committed. 

Chunk freelists:
   Non-Class:  384.00 KB
       Class:  13.31 MB
        Both:  13.69 MB

MaxMetaspaceSize: 4.00 GB
CompressedClassSpaceSize: 1.00 GB
Initial GC threshold: 21.00 MB
Current GC threshold: 21.00 MB
CDS: on
MetaspaceReclaimPolicy: balanced
 - commit_granule_bytes: 65536.
 - commit_granule_words: 8192.
 - virtual_space_node_default_size: 8388608.
 - enlarge_chunks_in_place: 1.
 - new_chunks_are_fully_committed: 0.
 - uncommit_free_chunks: 1.
 - use_allocation_guard: 0.
 - handle_deallocations: 1.


Internal statistics:

num_allocs_failed_limit: 0.
num_arena_births: 218.
num_arena_deaths: 0.
num_vsnodes_births: 2.
num_vsnodes_deaths: 0.
num_space_committed: 285.
num_space_uncommitted: 0.
num_chunks_returned_to_freelist: 0.
num_chunks_taken_from_freelist: 823.
num_chunk_merges: 0.
num_chunk_splits: 548.
num_chunks_enlarged: 404.
num_inconsistent_stats: 0.

CodeHeap 'non-profiled nmethods': size=120000Kb used=1110Kb max_used=1110Kb free=118890Kb
 bounds [0x0000012147d30000, 0x0000012147fa0000, 0x000001214f260000]
CodeHeap 'profiled nmethods': size=120000Kb used=5128Kb max_used=5128Kb free=114871Kb
 bounds [0x0000012140260000, 0x0000012140770000, 0x0000012147790000]
CodeHeap 'non-nmethods': size=5760Kb used=1232Kb max_used=1266Kb free=4527Kb
 bounds [0x0000012147790000, 0x0000012147a00000, 0x0000012147d30000]
 total_blobs=3014 nmethods=2477 adapters=449
 compilation: enabled
              stopped_count=0, restarted_count=0
 full_count=0

Compilation events (20 events):
Event: 2.487 Thread 0x000001215cf07d30 2415       3       java.lang.reflect.Method::setMethodAccessor (21 bytes)
Event: 2.488 Thread 0x000001215cf07d30 nmethod 2415 0x0000012140738c10 code [0x0000012140738dc0, 0x00000121407390c8]
Event: 2.504 Thread 0x000001215cf07d30 2416       3       jdk.internal.misc.Unsafe::getAndAddInt (27 bytes)
Event: 2.504 Thread 0x000001215cf07d30 nmethod 2416 0x0000012140739210 code [0x00000121407393c0, 0x0000012140739608]
Event: 2.504 Thread 0x000001215cf07d30 2417   !   3       java.util.concurrent.ConcurrentHashMap::replaceNode (437 bytes)
Event: 2.505 Thread 0x000001215cf07d30 nmethod 2417 0x0000012140739710 code [0x0000012140739a60, 0x000001214073b398]
Event: 2.505 Thread 0x000001215cf07d30 2418       3       java.util.concurrent.ConcurrentHashMap::remove (8 bytes)
Event: 2.505 Thread 0x000001215cf07d30 nmethod 2418 0x000001214073c110 code [0x000001214073c2c0, 0x000001214073c408]
Event: 2.513 Thread 0x000001215cf07d30 2421       3       org.gradle.internal.service.DefaultServiceRegistry::access$1400 (4 bytes)
Event: 2.513 Thread 0x000001215cf07d30 nmethod 2421 0x000001214073c490 code [0x000001214073c620, 0x000001214073c718]
Event: 2.518 Thread 0x000001215cf07d30 2422       3       sun.reflect.annotation.AnnotationParser::parseAnnotations2 (135 bytes)
Event: 2.519 Thread 0x000001215cf07d30 nmethod 2422 0x000001214073c790 code [0x000001214073cae0, 0x000001214073dc98]
Event: 2.519 Thread 0x000001215cf07d30 2423       3       java.util.LinkedHashMap::values (25 bytes)
Event: 2.519 Thread 0x000001215cf07d30 nmethod 2423 0x000001214073e410 code [0x000001214073e5c0, 0x000001214073e958]
Event: 2.519 Thread 0x000001215cf07d30 2424       3       java.util.LinkedHashMap$LinkedValues::iterator (12 bytes)
Event: 2.519 Thread 0x000001215cf07d30 nmethod 2424 0x000001214073ea90 code [0x000001214073ec40, 0x000001214073f018]
Event: 2.519 Thread 0x000001215cf07d30 2425       3       java.util.LinkedHashMap$LinkedValueIterator::<init> (11 bytes)
Event: 2.519 Thread 0x000001215cf07d30 nmethod 2425 0x000001214073f190 code [0x000001214073f340, 0x000001214073f678]
Event: 2.519 Thread 0x000001215cf07d30 2426       3       jdk.internal.org.objectweb.asm.MethodWriter::addSuccessorToCurrentBasicBlock (24 bytes)
Event: 2.519 Thread 0x000001215cf07d30 nmethod 2426 0x000001214073f790 code [0x000001214073f940, 0x000001214073fcb8]

GC Heap History (8 events):
Event: 0.451 GC heap before
{Heap before GC invocations=0 (full 0):
 garbage-first heap   total 122880K, used 24576K [0x00000006e0000000, 0x0000000800000000)
  region size 4096K, 5 young (20480K), 0 survivors (0K)
 Metaspace       used 2367K, committed 2560K, reserved 1114112K
  class space    used 272K, committed 384K, reserved 1048576K
}
Event: 0.457 GC heap after
{Heap after GC invocations=1 (full 0):
 garbage-first heap   total 122880K, used 10008K [0x00000006e0000000, 0x0000000800000000)
  region size 4096K, 1 young (4096K), 1 survivors (4096K)
 Metaspace       used 2367K, committed 2560K, reserved 1114112K
  class space    used 272K, committed 384K, reserved 1048576K
}
Event: 0.736 GC heap before
{Heap before GC invocations=1 (full 0):
 garbage-first heap   total 122880K, used 26392K [0x00000006e0000000, 0x0000000800000000)
  region size 4096K, 5 young (20480K), 1 survivors (4096K)
 Metaspace       used 3960K, committed 4160K, reserved 1114112K
  class space    used 490K, committed 576K, reserved 1048576K
}
Event: 0.740 GC heap after
{Heap after GC invocations=2 (full 0):
 garbage-first heap   total 122880K, used 11045K [0x00000006e0000000, 0x0000000800000000)
  region size 4096K, 1 young (4096K), 1 survivors (4096K)
 Metaspace       used 3960K, committed 4160K, reserved 1114112K
  class space    used 490K, committed 576K, reserved 1048576K
}
Event: 1.609 GC heap before
{Heap before GC invocations=2 (full 0):
 garbage-first heap   total 122880K, used 56101K [0x00000006e0000000, 0x0000000800000000)
  region size 4096K, 12 young (49152K), 1 survivors (4096K)
 Metaspace       used 8947K, committed 9216K, reserved 1114112K
  class space    used 1186K, committed 1344K, reserved 1048576K
}
Event: 1.613 GC heap after
{Heap after GC invocations=3 (full 0):
 garbage-first heap   total 122880K, used 17979K [0x00000006e0000000, 0x0000000800000000)
  region size 4096K, 2 young (8192K), 2 survivors (8192K)
 Metaspace       used 8947K, committed 9216K, reserved 1114112K
  class space    used 1186K, committed 1344K, reserved 1048576K
}
Event: 2.494 GC heap before
{Heap before GC invocations=3 (full 0):
 garbage-first heap   total 122880K, used 75323K [0x00000006e0000000, 0x0000000800000000)
  region size 4096K, 16 young (65536K), 2 survivors (8192K)
 Metaspace       used 17459K, committed 17728K, reserved 1114112K
  class space    used 2539K, committed 2688K, reserved 1048576K
}
Event: 2.500 GC heap after
{Heap after GC invocations=4 (full 0):
 garbage-first heap   total 122880K, used 21304K [0x00000006e0000000, 0x0000000800000000)
  region size 4096K, 1 young (4096K), 1 survivors (4096K)
 Metaspace       used 17459K, committed 17728K, reserved 1114112K
  class space    used 2539K, committed 2688K, reserved 1048576K
}

Deoptimization events (20 events):
Event: 2.056 Thread 0x000001215cf0df40 Uncommon trap: trap_request=0xffffff45 fr.pc=0x0000012147d9fff4 relative=0x00000000000005b4
Event: 2.056 Thread 0x000001215cf0df40 Uncommon trap: reason=unstable_if action=reinterpret pc=0x0000012147d9fff4 method=java.io.File.getName()Ljava/lang/String; @ 16 c2
Event: 2.056 Thread 0x000001215cf0df40 DEOPT PACKING pc=0x0000012147d9fff4 sp=0x0000001b931fcf40
Event: 2.056 Thread 0x000001215cf0df40 DEOPT UNPACKING pc=0x00000121477e23a3 sp=0x0000001b931fcf10 mode 2
Event: 2.103 Thread 0x000001215cf0df40 DEOPT PACKING pc=0x00000121406230fd sp=0x0000001b931fc770
Event: 2.103 Thread 0x000001215cf0df40 DEOPT UNPACKING pc=0x00000121477e2b43 sp=0x0000001b931fbc80 mode 0
Event: 2.197 Thread 0x000001215cf0df40 Uncommon trap: trap_request=0xffffff45 fr.pc=0x0000012147df3274 relative=0x0000000000000074
Event: 2.197 Thread 0x000001215cf0df40 Uncommon trap: reason=unstable_if action=reinterpret pc=0x0000012147df3274 method=jdk.internal.misc.Unsafe.convEndian(ZI)I @ 4 c2
Event: 2.197 Thread 0x000001215cf0df40 DEOPT PACKING pc=0x0000012147df3274 sp=0x0000001b931fab00
Event: 2.197 Thread 0x000001215cf0df40 DEOPT UNPACKING pc=0x00000121477e23a3 sp=0x0000001b931faa08 mode 2
Event: 2.301 Thread 0x000001215cf0df40 DEOPT PACKING pc=0x000001214062311e sp=0x0000001b931fbc90
Event: 2.301 Thread 0x000001215cf0df40 DEOPT UNPACKING pc=0x00000121477e2b43 sp=0x0000001b931fb1a0 mode 0
Event: 2.323 Thread 0x000001215cf0df40 DEOPT PACKING pc=0x00000121406230fd sp=0x0000001b931fa150
Event: 2.323 Thread 0x000001215cf0df40 DEOPT UNPACKING pc=0x00000121477e2b43 sp=0x0000001b931f9660 mode 0
Event: 2.334 Thread 0x000001215cf0df40 DEOPT PACKING pc=0x00000121406230fd sp=0x0000001b931fc4a0
Event: 2.334 Thread 0x000001215cf0df40 DEOPT UNPACKING pc=0x00000121477e2b43 sp=0x0000001b931fb9b0 mode 0
Event: 2.489 Thread 0x000001215cf0df40 Uncommon trap: trap_request=0xffffff45 fr.pc=0x0000012147d56478 relative=0x00000000000000d8
Event: 2.489 Thread 0x000001215cf0df40 Uncommon trap: reason=unstable_if action=reinterpret pc=0x0000012147d56478 method=java.util.HashMap.hash(Ljava/lang/Object;)I @ 1 c2
Event: 2.489 Thread 0x000001215cf0df40 DEOPT PACKING pc=0x0000012147d56478 sp=0x0000001b931f9ed0
Event: 2.489 Thread 0x000001215cf0df40 DEOPT UNPACKING pc=0x00000121477e23a3 sp=0x0000001b931f9e10 mode 2

Classes unloaded (0 events):
No events

Classes redefined (0 events):
No events

Internal exceptions (20 events):
Event: 1.843 Thread 0x000001215cf0df40 Exception <a 'java/lang/NoSuchMethodError'{0x00000006e6b55c80}: 'void java.lang.invoke.DirectMethodHandle$Holder.invokeSpecial(java.lang.Object, java.lang.Object, java.lang.Object, java.lang.Object, java.lang.Object)'> (0x00000006e6b55c80) 
thrown [s\open\src\hotspot\share\interpreter\linkResolver.cpp, line 759]
Event: 1.844 Thread 0x000001215cf0df40 Exception <a 'java/lang/NoSuchMethodError'{0x00000006e6b69aa0}: 'void java.lang.invoke.DirectMethodHandle$Holder.invokeStaticInit(java.lang.Object, java.lang.Object)'> (0x00000006e6b69aa0) 
thrown [s\open\src\hotspot\share\interpreter\linkResolver.cpp, line 759]
Event: 1.888 Thread 0x000001215cf0df40 Exception <a 'java/lang/NoSuchMethodError'{0x00000006e66310a8}: 'void java.lang.invoke.DelegatingMethodHandle$Holder.reinvoke_L(java.lang.Object, java.lang.Object, java.lang.Object, java.lang.Object, java.lang.Object, java.lang.Object, java.lang.Object, java.lang.Object, java.lang.Object, java.lang.Object)'> (0x00000006e66310a8) 
thrown [s\open\src\hotspot\share\interpreter\linkResolver.cpp, line 759]
Event: 1.889 Thread 0x000001215cf0df40 Exception <a 'java/lang/NoSuchMethodError'{0x00000006e6639658}: 'java.lang.Object java.lang.invoke.DirectMethodHandle$Holder.invokeSpecial(java.lang.Object, java.lang.Object, java.lang.Object, java.lang.Object, java.lang.Object, java.lang.Object, java.lang.Object, java.lang.Object, java.lang.Object, java.lang.Object)'> (0x00000006e6639658) 
thrown [s\open\src\hotspot\share\interpreter\linkResolver.cpp, line 759]
Event: 1.889 Thread 0x000001215cf0df40 Exception <a 'java/lang/NoSuchMethodError'{0x00000006e663df28}: 'java.lang.Object java.lang.invoke.Invokers$Holder.invoker(java.lang.Object, java.lang.Object, java.lang.Object, java.lang.Object, java.lang.Object, java.lang.Object, java.lang.Object, java.lang.Object, java.lang.Object, java.lang.Object)'> (0x00000006e663df28) 
thrown [s\open\src\hotspot\share\interpreter\linkResolver.cpp, line 759]
Event: 1.889 Thread 0x000001215cf0df40 Exception <a 'java/lang/NoSuchMethodError'{0x00000006e6643d78}: 'java.lang.Object java.lang.invoke.DirectMethodHandle$Holder.invokeSpecial(java.lang.Object, java.lang.Object, java.lang.Object, java.lang.Object, java.lang.Object, java.lang.Object, java.lang.Object, java.lang.Object, java.lang.Object, java.lang.Object, java.lang.Object)'> (0x00000006e6643d78) 
thrown [s\open\src\hotspot\share\interpreter\linkResolver.cpp, line 759]
Event: 1.994 Thread 0x000001215cf0df40 Exception <a 'java/lang/NoSuchMethodError'{0x00000006e5c115e8}: 'void java.lang.invoke.DirectMethodHandle$Holder.invokeStaticInit(java.lang.Object)'> (0x00000006e5c115e8) 
thrown [s\open\src\hotspot\share\interpreter\linkResolver.cpp, line 759]
Event: 2.006 Thread 0x000001215cf0df40 Exception <a 'java/lang/NoSuchMethodError'{0x00000006e5cc43c0}: 'java.lang.Object java.lang.invoke.DirectMethodHandle$Holder.newInvokeSpecial(java.lang.Object, java.lang.Object, java.lang.Object, int)'> (0x00000006e5cc43c0) 
thrown [s\open\src\hotspot\share\interpreter\linkResolver.cpp, line 759]
Event: 2.007 Thread 0x000001215cf0df40 Exception <a 'java/lang/NoSuchMethodError'{0x00000006e5d288f8}: 'java.lang.Object java.lang.invoke.DirectMethodHandle$Holder.invokeSpecial(java.lang.Object, java.lang.Object, java.lang.Object, java.lang.Object, int)'> (0x00000006e5d288f8) 
thrown [s\open\src\hotspot\share\interpreter\linkResolver.cpp, line 759]
Event: 2.007 Thread 0x000001215cf0df40 Exception <a 'java/lang/NoSuchMethodError'{0x00000006e5d2ca10}: 'java.lang.Object java.lang.invoke.Invokers$Holder.linkToTargetMethod(java.lang.Object, java.lang.Object, int, java.lang.Object)'> (0x00000006e5d2ca10) 
thrown [s\open\src\hotspot\share\interpreter\linkResolver.cpp, line 759]
Event: 2.211 Thread 0x000001215cf0df40 Exception <a 'java/lang/NoSuchMethodError'{0x00000006e52fceb0}: 'int java.lang.invoke.DirectMethodHandle$Holder.invokeSpecialIFC(java.lang.Object, java.lang.Object, java.lang.Object, java.lang.Object)'> (0x00000006e52fceb0) 
thrown [s\open\src\hotspot\share\interpreter\linkResolver.cpp, line 759]
Event: 2.213 Thread 0x000001215cf0df40 Exception <a 'java/lang/NoSuchMethodError'{0x00000006e530bf08}: 'java.lang.Object java.lang.invoke.DirectMethodHandle$Holder.invokeInterface(java.lang.Object, java.lang.Object, java.lang.Object)'> (0x00000006e530bf08) 
thrown [s\open\src\hotspot\share\interpreter\linkResolver.cpp, line 759]
Event: 2.213 Thread 0x000001215cf0df40 Exception <a 'java/lang/IncompatibleClassChangeError'{0x00000006e530fb20}: Found class java.lang.Object, but interface was expected> (0x00000006e530fb20) 
thrown [s\open\src\hotspot\share\interpreter\linkResolver.cpp, line 826]
Event: 2.232 Thread 0x000001215cf0df40 Exception <a 'java/lang/NoSuchMethodError'{0x00000006e53ec768}: 'int java.lang.invoke.DirectMethodHandle$Holder.invokeStatic(java.lang.Object, java.lang.Object, java.lang.Object, java.lang.Object)'> (0x00000006e53ec768) 
thrown [s\open\src\hotspot\share\interpreter\linkResolver.cpp, line 759]
Event: 2.232 Thread 0x000001215cf0df40 Exception <a 'java/lang/NoSuchMethodError'{0x00000006e53f0390}: 'java.lang.Object java.lang.invoke.Invokers$Holder.invokeExact_MT(java.lang.Object, java.lang.Object, java.lang.Object, java.lang.Object, java.lang.Object, java.lang.Object)'> (0x00000006e53f0390) 
thrown [s\open\src\hotspot\share\interpreter\linkResolver.cpp, line 759]
Event: 2.292 Thread 0x000001215cf0df40 Exception <a 'java/lang/NoSuchMethodError'{0x00000006e4fe4da0}: 'java.lang.Object java.lang.invoke.DirectMethodHandle$Holder.invokeSpecial(java.lang.Object, java.lang.Object, java.lang.Object, java.lang.Object, java.lang.Object, java.lang.Object, java.lang.Object, java.lang.Object, java.lang.Object)'> (0x00000006e4fe4da0) 
thrown [s\open\src\hotspot\share\interpreter\linkResolver.cpp, line 759]
Event: 2.373 Thread 0x000001215cf0df40 Exception <a 'java/lang/NoSuchMethodError'{0x00000006e3cee440}: 'java.lang.Object java.lang.invoke.DirectMethodHandle$Holder.invokeVirtual(java.lang.Object, java.lang.Object, java.lang.Object, java.lang.Object)'> (0x00000006e3cee440) 
thrown [s\open\src\hotspot\share\interpreter\linkResolver.cpp, line 759]
Event: 2.400 Thread 0x000001215cf0df40 Exception <a 'java/lang/NoSuchMethodError'{0x00000006e3e43c08}: 'java.lang.Object java.lang.invoke.DirectMethodHandle$Holder.newInvokeSpecial(java.lang.Object, java.lang.Object, java.lang.Object, java.lang.Object, java.lang.Object, java.lang.Object, java.lang.Object)'> (0x00000006e3e43c08) 
thrown [s\open\src\hotspot\share\interpreter\linkResolver.cpp, line 759]
Event: 2.400 Thread 0x000001215cf0df40 Exception <a 'java/lang/NoSuchMethodError'{0x00000006e3e488d8}: 'java.lang.Object java.lang.invoke.Invokers$Holder.linkToTargetMethod(java.lang.Object, java.lang.Object, java.lang.Object, java.lang.Object, java.lang.Object, java.lang.Object, java.lang.Object)'> (0x00000006e3e488d8) 
thrown [s\open\src\hotspot\share\interpreter\linkResolver.cpp, line 759]
Event: 2.489 Thread 0x000001215cf0df40 Implicit null exception at 0x0000012147d563d8 to 0x0000012147d5646e

VM Operations (20 events):
Event: 1.333 Executing VM operation: HandshakeAllThreads
Event: 1.333 Executing VM operation: HandshakeAllThreads done
Event: 1.529 Executing VM operation: HandshakeAllThreads
Event: 1.529 Executing VM operation: HandshakeAllThreads done
Event: 1.590 Executing VM operation: HandshakeAllThreads
Event: 1.590 Executing VM operation: HandshakeAllThreads done
Event: 1.608 Executing VM operation: G1CollectForAllocation
Event: 1.613 Executing VM operation: G1CollectForAllocation done
Event: 1.869 Executing VM operation: HandshakeAllThreads
Event: 1.869 Executing VM operation: HandshakeAllThreads done
Event: 2.061 Executing VM operation: HandshakeAllThreads
Event: 2.061 Executing VM operation: HandshakeAllThreads done
Event: 2.085 Executing VM operation: HandshakeAllThreads
Event: 2.085 Executing VM operation: HandshakeAllThreads done
Event: 2.086 Executing VM operation: HandshakeAllThreads
Event: 2.086 Executing VM operation: HandshakeAllThreads done
Event: 2.447 Executing VM operation: ICBufferFull
Event: 2.448 Executing VM operation: ICBufferFull done
Event: 2.494 Executing VM operation: G1CollectForAllocation
Event: 2.500 Executing VM operation: G1CollectForAllocation done

Events (20 events):
Event: 2.197 loading class sun/security/provider/ByteArrayAccess$LE done
Event: 2.204 Thread 0x00000121a3c49e80 Thread added: 0x00000121a3c49e80
Event: 2.208 loading class java/util/concurrent/Semaphore
Event: 2.209 loading class java/util/concurrent/Semaphore done
Event: 2.210 loading class java/nio/file/FileVisitOption
Event: 2.210 loading class java/nio/file/FileVisitOption done
Event: 2.213 loading class java/util/stream/ReduceOps$1
Event: 2.213 loading class java/util/stream/ReduceOps$1 done
Event: 2.213 loading class java/util/stream/ReduceOps$1ReducingSink
Event: 2.214 loading class java/util/stream/ReduceOps$1ReducingSink done
Event: 2.345 loading class javax/xml/parsers/ParserConfigurationException
Event: 2.345 loading class javax/xml/parsers/ParserConfigurationException done
Event: 2.346 loading class org/xml/sax/SAXException
Event: 2.346 loading class org/xml/sax/SAXException done
Event: 2.346 loading class javax/xml/xpath/XPathExpressionException
Event: 2.346 loading class javax/xml/xpath/XPathException
Event: 2.346 loading class javax/xml/xpath/XPathException done
Event: 2.346 loading class javax/xml/xpath/XPathExpressionException done
Event: 2.346 loading class org/xml/sax/ErrorHandler
Event: 2.347 loading class org/xml/sax/ErrorHandler done


Dynamic libraries:
0x00007ff7dc200000 - 0x00007ff7dc210000 	C:\Program Files\Java\jdk-17\bin\java.exe
0x00007ffb254b0000 - 0x00007ffb256c7000 	C:\Windows\SYSTEM32\ntdll.dll
0x00007ffb239b0000 - 0x00007ffb23a74000 	C:\Windows\System32\KERNEL32.DLL
0x00007ffb22860000 - 0x00007ffb22c0c000 	C:\Windows\System32\KERNELBASE.dll
0x00007ffb22c10000 - 0x00007ffb22d21000 	C:\Windows\System32\ucrtbase.dll
0x00007ffae91b0000 - 0x00007ffae91c9000 	C:\Program Files\Java\jdk-17\bin\jli.dll
0x00007ffb05270000 - 0x00007ffb0528b000 	C:\Program Files\Java\jdk-17\bin\VCRUNTIME140.dll
0x00007ffb23300000 - 0x00007ffb233b2000 	C:\Windows\System32\ADVAPI32.dll
0x00007ffb23e10000 - 0x00007ffb23eb7000 	C:\Windows\System32\msvcrt.dll
0x00007ffb23840000 - 0x00007ffb238ea000 	C:\Windows\System32\sechost.dll
0x00007ffb231c0000 - 0x00007ffb231e8000 	C:\Windows\System32\bcrypt.dll
0x00007ffb23710000 - 0x00007ffb23825000 	C:\Windows\System32\RPCRT4.dll
0x00007ffb24090000 - 0x00007ffb2423e000 	C:\Windows\System32\USER32.dll
0x00007ffb22f60000 - 0x00007ffb22f86000 	C:\Windows\System32\win32u.dll
0x00007ffb0b310000 - 0x00007ffb0b5a3000 	C:\Windows\WinSxS\amd64_microsoft.windows.common-controls_6595b64144ccf1df_6.0.22621.3672_none_2713b9d173822955\COMCTL32.dll
0x00007ffb238f0000 - 0x00007ffb23919000 	C:\Windows\System32\GDI32.dll
0x00007ffb230a0000 - 0x00007ffb231b9000 	C:\Windows\System32\gdi32full.dll
0x00007ffb23000000 - 0x00007ffb2309a000 	C:\Windows\System32\msvcp_win.dll
0x00007ffb1adf0000 - 0x00007ffb1adfa000 	C:\Windows\SYSTEM32\VERSION.dll
0x00007ffb24d50000 - 0x00007ffb24d81000 	C:\Windows\System32\IMM32.DLL
0x00007ffb06860000 - 0x00007ffb0686c000 	C:\Program Files\Java\jdk-17\bin\vcruntime140_1.dll
0x00007ffadd810000 - 0x00007ffadd89e000 	C:\Program Files\Java\jdk-17\bin\msvcp140.dll
0x00007ffab8620000 - 0x00007ffab9200000 	C:\Program Files\Java\jdk-17\bin\server\jvm.dll
0x00007ffb232f0000 - 0x00007ffb232f8000 	C:\Windows\System32\PSAPI.DLL
0x00007ffafd240000 - 0x00007ffafd249000 	C:\Windows\SYSTEM32\WSOCK32.dll
0x00007ffb1d3a0000 - 0x00007ffb1d3d4000 	C:\Windows\SYSTEM32\WINMM.dll
0x00007ffb233c0000 - 0x00007ffb23431000 	C:\Windows\System32\WS2_32.dll
0x00007ffb21730000 - 0x00007ffb21748000 	C:\Windows\SYSTEM32\kernel.appcore.dll
0x00007ffafcca0000 - 0x00007ffafccaa000 	C:\Program Files\Java\jdk-17\bin\jimage.dll
0x00007ffb17890000 - 0x00007ffb17ac2000 	C:\Windows\SYSTEM32\DBGHELP.DLL
0x00007ffb23a80000 - 0x00007ffb23e08000 	C:\Windows\System32\combase.dll
0x00007ffb23ee0000 - 0x00007ffb23fb7000 	C:\Windows\System32\OLEAUT32.dll
0x00007ffb034c0000 - 0x00007ffb034f2000 	C:\Windows\SYSTEM32\dbgcore.DLL
0x00007ffb227e0000 - 0x00007ffb2285b000 	C:\Windows\System32\bcryptPrimitives.dll
0x00007ffaf0870000 - 0x00007ffaf087e000 	C:\Program Files\Java\jdk-17\bin\instrument.dll
0x00007ffae3520000 - 0x00007ffae3545000 	C:\Program Files\Java\jdk-17\bin\java.dll
0x00007ffad8bd0000 - 0x00007ffad8ca7000 	C:\Program Files\Java\jdk-17\bin\jsvml.dll
0x00007ffb24330000 - 0x00007ffb24b8c000 	C:\Windows\System32\SHELL32.dll
0x00007ffb206e0000 - 0x00007ffb20fd7000 	C:\Windows\SYSTEM32\windows.storage.dll
0x00007ffb205a0000 - 0x00007ffb206df000 	C:\Windows\SYSTEM32\wintypes.dll
0x00007ffb231f0000 - 0x00007ffb232e4000 	C:\Windows\System32\SHCORE.dll
0x00007ffb25410000 - 0x00007ffb2546e000 	C:\Windows\System32\shlwapi.dll
0x00007ffb22710000 - 0x00007ffb22731000 	C:\Windows\SYSTEM32\profapi.dll
0x00007ffae12d0000 - 0x00007ffae12e8000 	C:\Program Files\Java\jdk-17\bin\zip.dll
0x00007ffae33d0000 - 0x00007ffae33e9000 	C:\Program Files\Java\jdk-17\bin\net.dll
0x00007ffb1da20000 - 0x00007ffb1db56000 	C:\Windows\SYSTEM32\WINHTTP.dll
0x00007ffb21c40000 - 0x00007ffb21ca9000 	C:\Windows\system32\mswsock.dll
0x00007ffae12f0000 - 0x00007ffae1306000 	C:\Program Files\Java\jdk-17\bin\nio.dll
0x00007ffaeffe0000 - 0x00007ffaefff0000 	C:\Program Files\Java\jdk-17\bin\verify.dll
0x00007ffae0e90000 - 0x00007ffae0eb7000 	C:\Users\mehul\.gradle\native\68d5fa5c4cc2d200863cafc0d521ce42e7d3e7ee720ec0a83991735586a16f82\windows-amd64\native-platform.dll
0x00007ffad1890000 - 0x00007ffad19d4000 	C:\Users\mehul\.gradle\native\e376f236ea51e6404a007f0833ffe2c6e607c4080706a723a18a27aeea778392\windows-amd64\native-platform-file-events.dll
0x00007ffaf8ce0000 - 0x00007ffaf8cea000 	C:\Program Files\Java\jdk-17\bin\management.dll
0x00007ffaf8580000 - 0x00007ffaf858b000 	C:\Program Files\Java\jdk-17\bin\management_ext.dll
0x00007ffb21e70000 - 0x00007ffb21e8b000 	C:\Windows\SYSTEM32\CRYPTSP.dll
0x00007ffb21750000 - 0x00007ffb21785000 	C:\Windows\system32\rsaenh.dll
0x00007ffb21d00000 - 0x00007ffb21d28000 	C:\Windows\SYSTEM32\USERENV.dll
0x00007ffb21e60000 - 0x00007ffb21e6c000 	C:\Windows\SYSTEM32\CRYPTBASE.dll
0x00007ffb21240000 - 0x00007ffb2126d000 	C:\Windows\SYSTEM32\IPHLPAPI.DLL
0x00007ffb23830000 - 0x00007ffb23839000 	C:\Windows\System32\NSI.dll
0x00007ffb1dc10000 - 0x00007ffb1dc29000 	C:\Windows\SYSTEM32\dhcpcsvc6.DLL
0x00007ffb1d9b0000 - 0x00007ffb1d9cf000 	C:\Windows\SYSTEM32\dhcpcsvc.DLL
0x00007ffb212b0000 - 0x00007ffb213a8000 	C:\Windows\SYSTEM32\DNSAPI.dll
0x00007ffaf8230000 - 0x00007ffaf823e000 	C:\Program Files\Java\jdk-17\bin\sunmscapi.dll
0x00007ffb22df0000 - 0x00007ffb22f57000 	C:\Windows\System32\CRYPT32.dll
0x00007ffb220a0000 - 0x00007ffb220ce000 	C:\Windows\SYSTEM32\ncrypt.dll
0x00007ffb22060000 - 0x00007ffb22097000 	C:\Windows\SYSTEM32\NTASN1.dll
0x00007ffafe9c0000 - 0x00007ffafe9c8000 	C:\Windows\system32\wshunix.dll

dbghelp: loaded successfully - version: 4.0.5 - missing functions: none
symbol engine: initialized successfully - sym options: 0x614 - pdb path: .;C:\Program Files\Java\jdk-17\bin;C:\Windows\SYSTEM32;C:\Windows\WinSxS\amd64_microsoft.windows.common-controls_6595b64144ccf1df_6.0.22621.3672_none_2713b9d173822955;C:\Program Files\Java\jdk-17\bin\server;C:\Users\mehul\.gradle\native\68d5fa5c4cc2d200863cafc0d521ce42e7d3e7ee720ec0a83991735586a16f82\windows-amd64;C:\Users\mehul\.gradle\native\e376f236ea51e6404a007f0833ffe2c6e607c4080706a723a18a27aeea778392\windows-amd64

VM Arguments:
jvm_args: -XX:MaxMetaspaceSize=4096m -XX:+HeapDumpOnOutOfMemoryError --add-opens=java.base/java.util=ALL-UNNAMED --add-opens=java.base/java.lang=ALL-UNNAMED --add-opens=java.base/java.lang.invoke=ALL-UNNAMED --add-opens=java.prefs/java.util.prefs=ALL-UNNAMED --add-opens=java.base/java.nio.charset=ALL-UNNAMED --add-opens=java.base/java.net=ALL-UNNAMED --add-opens=java.base/java.util.concurrent.atomic=ALL-UNNAMED -Xmx4608m -Dfile.encoding=windows-1252 -Duser.country=IN -Duser.language=en -Duser.variant -javaagent:C:\Users\mehul\.gradle\wrapper\dists\gradle-8.3-all\6en3ugtfdg5xnpx44z4qbwgas\gradle-8.3\lib\agents\gradle-instrumentation-agent-8.3.jar 
java_command: org.gradle.launcher.daemon.bootstrap.GradleDaemon 8.3
java_class_path (initial): C:\Users\mehul\.gradle\wrapper\dists\gradle-8.3-all\6en3ugtfdg5xnpx44z4qbwgas\gradle-8.3\lib\gradle-launcher-8.3.jar
Launcher Type: SUN_STANDARD

[Global flags]
     intx CICompilerCount                          = 4                                         {product} {ergonomic}
     uint ConcGCThreads                            = 3                                         {product} {ergonomic}
     uint G1ConcRefinementThreads                  = 10                                        {product} {ergonomic}
   size_t G1HeapRegionSize                         = 4194304                                   {product} {ergonomic}
    uintx GCDrainStackTargetSize                   = 64                                        {product} {ergonomic}
     bool HeapDumpOnOutOfMemoryError               = true                                   {manageable} {command line}
   size_t InitialHeapSize                          = 125829120                                 {product} {ergonomic}
   size_t MarkStackSize                            = 4194304                                   {product} {ergonomic}
   size_t MaxHeapSize                              = 4831838208                                {product} {command line}
   size_t MaxMetaspaceSize                         = 4294967296                                {product} {command line}
   size_t MaxNewSize                               = 2898264064                                {product} {ergonomic}
   size_t MinHeapDeltaBytes                        = 4194304                                   {product} {ergonomic}
   size_t MinHeapSize                              = 8388608                                   {product} {ergonomic}
    uintx NonNMethodCodeHeapSize                   = 5839372                                {pd product} {ergonomic}
    uintx NonProfiledCodeHeapSize                  = 122909434                              {pd product} {ergonomic}
    uintx ProfiledCodeHeapSize                     = 122909434                              {pd product} {ergonomic}
    uintx ReservedCodeCacheSize                    = 251658240                              {pd product} {ergonomic}
     bool SegmentedCodeCache                       = true                                      {product} {ergonomic}
   size_t SoftMaxHeapSize                          = 4831838208                             {manageable} {ergonomic}
     bool UseCompressedClassPointers               = true                           {product lp64_product} {ergonomic}
     bool UseCompressedOops                        = true                           {product lp64_product} {ergonomic}
     bool UseG1GC                                  = true                                      {product} {ergonomic}
     bool UseLargePagesIndividualAllocation        = false                                  {pd product} {ergonomic}

Logging:
Log output configuration:
 #0: stdout all=warning uptime,level,tags
 #1: stderr all=off uptime,level,tags

Environment Variables:
JAVA_HOME=C:\Program Files\Java\jdk-17
CLASSPATH=D:\GoHappy\Go-Happy-Client\android\\gradle\wrapper\gradle-wrapper.jar
PATH=D:\GoHappy\Go-Happy-Client\node_modules\.bin;D:\GoHappy\node_modules\.bin;D:\node_modules\.bin;C:\Program Files\nodejs\node_modules\npm\node_modules\@npmcli\run-script\lib\node-gyp-bin;C:\Program Files\Common Files\Oracle\Java\javapath;C:\Program Files (x86)\Common Files\Intel\Shared Libraries\redist\intel64\compiler;C:\Windows\system32;C:\Windows;C:\Windows\System32\Wbem;C:\Windows\System32\WindowsPowerShell\v1.0\;C:\Windows\System32\OpenSSH\;C:\Program Files\Microsoft VS Code\bin;C:\Program Files\Git\cmd;C:\Users\mehul\AppData\Local\Android\Sdk\platform-tools;C:\ProgramData\chocolatey\bin;C:\Program Files\nodejs\;C:\MinGW\bin;C:\Program Files\Apache\maven\bin;C:\Program Files\Java\jdk-17\bin;C:\Users\mehul\AppData\Local\Programs\Python\Python312\Scripts\;C:\Users\mehul\AppData\Local\Programs\Python\Python312\;C:\Users\mehul\.console-ninja\.bin;C:\Users\mehul\AppData\Local\Microsoft\WindowsApps;C:\Users\mehul\AppData\Local\spicetify;C:\Users\mehul\AppData\Local\Android\Sdk\platform-tools;C:\Users\mehul\AppData\Roaming\npm;C:\Users\mehul\AppData\Local\JetBrains\Toolbox\scripts;C:\MinGW\bin;C:\Users\mehul\AppData\Local\GitHubDesktop\bin;
USERNAME=mehul
LANG=en_US.UTF-8
OS=Windows_NT
PROCESSOR_IDENTIFIER=AMD64 Family 25 Model 80 Stepping 0, AuthenticAMD



---------------  S Y S T E M  ---------------

OS:
 Windows 11 , 64 bit Build 22621 (10.0.22621.3672)
OS uptime: 8 days 18:58 hours
Hyper-V role detected

CPU: total 12 (initial active 12) (12 cores per cpu, 2 threads per core) family 25 model 80 stepping 0 microcode 0x0, cx8, cmov, fxsr, ht, mmx, 3dnowpref, sse, sse2, sse3, ssse3, sse4a, sse4.1, sse4.2, popcnt, lzcnt, tsc, tscinvbit, avx, avx2, aes, erms, clmul, bmi1, bmi2, adx, sha, fma, vzeroupper, clflush, clflushopt, hv

Memory: 4k page, system-wide physical 7521M (326M free)
TotalPageFile size 31073M (AvailPageFile size 1M)
current process WorkingSet (physical memory assigned to process): 184M, peak: 184M
current process commit charge ("private bytes"): 268M, peak: 268M

vm_info: Java HotSpot(TM) 64-Bit Server VM (17.0.11+7-LTS-207) for windows-amd64 JRE (17.0.11+7-LTS-207), built on Mar 11 2024 19:01:50 by "mach5one" with MS VC++ 17.6 (VS2022)

END.
